This is pdfTeX, Version 3.1415926-2.5-1.40.14 (MiKTeX 2.9) (preloaded format=pdflatex 2015.5.27)  14 MAY 2017 17:13
entering extended mode
**article_commandes_anglais.tex

("C:\Users\Jad\Desktop\documents latex\doctorat\présentations\conférence_fini
te_element_fair_Milan\article_commandes_anglais.tex"
LaTeX2e <2011/06/27>
Babel <v3.8m> and hyphenation patterns for english, afrikaans, ancientgreek, ar
abic, armenian, assamese, basque, bengali, bokmal, bulgarian, catalan, coptic, 
croatian, czech, danish, dutch, esperanto, estonian, farsi, finnish, french, ga
lician, german, german-x-2013-05-26, greek, gujarati, hindi, hungarian, iceland
ic, indonesian, interlingua, irish, italian, kannada, kurmanji, latin, latvian,
 lithuanian, malayalam, marathi, mongolian, mongolianlmc, monogreek, ngerman, n
german-x-2013-05-26, nynorsk, oriya, panjabi, pinyin, polish, portuguese, roman
ian, russian, sanskrit, serbian, slovak, slovenian, spanish, swedish, swissgerm
an, tamil, telugu, turkish, turkmen, ukenglish, ukrainian, uppersorbian, usengl
ishmax, welsh, loaded.
\c@lemme=\count79
\c@proposition=\count80
\c@notation=\count81
\c@remarque=\count82
\c@assumption=\count83
)
! Emergency stop.
<*> article_commandes_anglais.tex
                                 
*** (job aborted, no legal \end found)

 
Here is how much of TeX's memory you used:
 418 strings out of 493921
 3654 string characters out of 3144882
 51423 words of memory out of 3000000
 3811 multiletter control sequences out of 15000+200000
 3640 words of font info for 14 fonts, out of 3000000 for 9000
 841 hyphenation exceptions out of 8191
 9i,0n,11p,196b,8s stack positions out of 5000i,500n,10000p,200000b,50000s
!  ==> Fatal error occurred, no output PDF file produced!
