This is pdfTeX, Version 3.141592653-2.6-1.40.26 (TeX Live 2024) (preloaded format=pdflatex 2025.2.10)  8 JAN 2026 20:24
entering extended mode
 restricted \write18 enabled.
 %&-line parsing enabled.
**slides.tex
(./slides.tex
LaTeX2e <2024-11-01> patch level 2
L3 programming layer <2025-01-18>
(c:/texlive/2024/texmf-dist/tex/latex/beamer/beamer.cls
Document Class: beamer 2025/02/04 v3.72 A class for typesetting presentations
(c:/texlive/2024/texmf-dist/tex/latex/beamer/beamerbasemodes.sty
(c:/texlive/2024/texmf-dist/tex/latex/etoolbox/etoolbox.sty
Package: etoolbox 2020/10/05 v2.5k e-TeX tools for LaTeX (JAW)
\etb@tempcnta=\count196
)
\beamer@tempbox=\box52
\beamer@tempcount=\count197
\c@beamerpauses=\count198

(c:/texlive/2024/texmf-dist/tex/latex/beamer/beamerbasedecode.sty
\beamer@slideinframe=\count199
\beamer@minimum=\count266
\beamer@decode@box=\box53
)
\beamer@commentbox=\box54
\beamer@modecount=\count267
)
(c:/texlive/2024/texmf-dist/tex/generic/iftex/iftex.sty
Package: iftex 2024/12/12 v1.0g TeX engine tests
)
\headdp=\dimen141
\footheight=\dimen142
\sidebarheight=\dimen143
\beamer@tempdim=\dimen144
\beamer@finalheight=\dimen145
\beamer@animht=\dimen146
\beamer@animdp=\dimen147
\beamer@animwd=\dimen148
\beamer@leftmargin=\dimen149
\beamer@rightmargin=\dimen150
\beamer@leftsidebar=\dimen151
\beamer@rightsidebar=\dimen152
\beamer@boxsize=\dimen153
\beamer@vboxoffset=\dimen154
\beamer@descdefault=\dimen155
\beamer@descriptionwidth=\dimen156
\beamer@lastskip=\skip49
\beamer@areabox=\box55
\beamer@animcurrent=\box56
\beamer@animshowbox=\box57
\beamer@sectionbox=\box58
\beamer@logobox=\box59
\beamer@linebox=\box60
\beamer@sectioncount=\count268
\beamer@subsubsectionmax=\count269
\beamer@subsectionmax=\count270
\beamer@sectionmax=\count271
\beamer@totalheads=\count272
\beamer@headcounter=\count273
\beamer@partstartpage=\count274
\beamer@sectionstartpage=\count275
\beamer@subsectionstartpage=\count276
\beamer@animationtempa=\count277
\beamer@animationtempb=\count278
\beamer@xpos=\count279
\beamer@ypos=\count280
\beamer@ypos@offset=\count281
\beamer@showpartnumber=\count282
\beamer@currentsubsection=\count283
\beamer@coveringdepth=\count284
\beamer@sectionadjust=\count285
\beamer@toclastsection=\count286
\beamer@tocsectionnumber=\count287

(c:/texlive/2024/texmf-dist/tex/latex/beamer/beamerbaseoptions.sty
(c:/texlive/2024/texmf-dist/tex/latex/graphics/keyval.sty
Package: keyval 2022/05/29 v1.15 key=value parser (DPC)
\KV@toks@=\toks17
))
\beamer@paperwidth=\skip50
\beamer@paperheight=\skip51

(c:/texlive/2024/texmf-dist/tex/latex/geometry/geometry.sty
Package: geometry 2020/01/02 v5.9 Page Geometry

(c:/texlive/2024/texmf-dist/tex/generic/iftex/ifvtex.sty
Package: ifvtex 2019/10/25 v1.7 ifvtex legacy package. Use iftex instead.
)
\Gm@cnth=\count288
\Gm@cntv=\count289
\c@Gm@tempcnt=\count290
\Gm@bindingoffset=\dimen157
\Gm@wd@mp=\dimen158
\Gm@odd@mp=\dimen159
\Gm@even@mp=\dimen160
\Gm@layoutwidth=\dimen161
\Gm@layoutheight=\dimen162
\Gm@layouthoffset=\dimen163
\Gm@layoutvoffset=\dimen164
\Gm@dimlist=\toks18
)
(c:/texlive/2024/texmf-dist/tex/latex/pgf/math/pgfmath.sty
(c:/texlive/2024/texmf-dist/tex/latex/pgf/utilities/pgfrcs.sty
(c:/texlive/2024/texmf-dist/tex/generic/pgf/utilities/pgfutil-common.tex
\pgfutil@everybye=\toks19
\pgfutil@tempdima=\dimen165
\pgfutil@tempdimb=\dimen166
)
(c:/texlive/2024/texmf-dist/tex/generic/pgf/utilities/pgfutil-latex.def
\pgfutil@abb=\box61
)
(c:/texlive/2024/texmf-dist/tex/generic/pgf/utilities/pgfrcs.code.tex
(c:/texlive/2024/texmf-dist/tex/generic/pgf/pgf.revision.tex)
Package: pgfrcs 2023-01-15 v3.1.10 (3.1.10)
))
(c:/texlive/2024/texmf-dist/tex/latex/pgf/utilities/pgfkeys.sty
(c:/texlive/2024/texmf-dist/tex/generic/pgf/utilities/pgfkeys.code.tex
\pgfkeys@pathtoks=\toks20
\pgfkeys@temptoks=\toks21

(c:/texlive/2024/texmf-dist/tex/generic/pgf/utilities/pgfkeyslibraryfiltered.co
de.tex
\pgfkeys@tmptoks=\toks22
))) (c:/texlive/2024/texmf-dist/tex/generic/pgf/math/pgfmath.code.tex
(c:/texlive/2024/texmf-dist/tex/generic/pgf/math/pgfmathutil.code.tex
\pgf@x=\dimen167
\pgf@xa=\dimen168
\pgf@xb=\dimen169
\pgf@xc=\dimen170
\pgf@y=\dimen171
\pgf@ya=\dimen172
\pgf@yb=\dimen173
\pgf@yc=\dimen174
\c@pgf@counta=\count291
\c@pgf@countb=\count292
\c@pgf@countc=\count293
\c@pgf@countd=\count294
)
(c:/texlive/2024/texmf-dist/tex/generic/pgf/math/pgfmathparser.code.tex
\pgfmath@dimen=\dimen175
\pgfmath@count=\count295
\pgfmath@box=\box62
\pgfmath@toks=\toks23
\pgfmath@stack@operand=\toks24
\pgfmath@stack@operation=\toks25
)
(c:/texlive/2024/texmf-dist/tex/generic/pgf/math/pgfmathfunctions.code.tex)
(c:/texlive/2024/texmf-dist/tex/generic/pgf/math/pgfmathfunctions.basic.code.te
x)
(c:/texlive/2024/texmf-dist/tex/generic/pgf/math/pgfmathfunctions.trigonometric
.code.tex)
(c:/texlive/2024/texmf-dist/tex/generic/pgf/math/pgfmathfunctions.random.code.t
ex)
(c:/texlive/2024/texmf-dist/tex/generic/pgf/math/pgfmathfunctions.comparison.co
de.tex)
(c:/texlive/2024/texmf-dist/tex/generic/pgf/math/pgfmathfunctions.base.code.tex
)
(c:/texlive/2024/texmf-dist/tex/generic/pgf/math/pgfmathfunctions.round.code.te
x)
(c:/texlive/2024/texmf-dist/tex/generic/pgf/math/pgfmathfunctions.misc.code.tex
)
(c:/texlive/2024/texmf-dist/tex/generic/pgf/math/pgfmathfunctions.integerarithm
etics.code.tex)
(c:/texlive/2024/texmf-dist/tex/generic/pgf/math/pgfmathcalc.code.tex)
(c:/texlive/2024/texmf-dist/tex/generic/pgf/math/pgfmathfloat.code.tex
\c@pgfmathroundto@lastzeros=\count296
)))
(c:/texlive/2024/texmf-dist/tex/latex/base/size11.clo
File: size11.clo 2024/06/29 v1.4n Standard LaTeX file (size option)
)
(c:/texlive/2024/texmf-dist/tex/latex/pgf/basiclayer/pgfcore.sty
(c:/texlive/2024/texmf-dist/tex/latex/graphics/graphicx.sty
Package: graphicx 2021/09/16 v1.2d Enhanced LaTeX Graphics (DPC,SPQR)

(c:/texlive/2024/texmf-dist/tex/latex/graphics/graphics.sty
Package: graphics 2024/08/06 v1.4g Standard LaTeX Graphics (DPC,SPQR)

(c:/texlive/2024/texmf-dist/tex/latex/graphics/trig.sty
Package: trig 2023/12/02 v1.11 sin cos tan (DPC)
)
(c:/texlive/2024/texmf-dist/tex/latex/graphics-cfg/graphics.cfg
File: graphics.cfg 2016/06/04 v1.11 sample graphics configuration
)
Package graphics Info: Driver file: pdftex.def on input line 106.

(c:/texlive/2024/texmf-dist/tex/latex/graphics-def/pdftex.def
File: pdftex.def 2024/04/13 v1.2c Graphics/color driver for pdftex
))
\Gin@req@height=\dimen176
\Gin@req@width=\dimen177
)
(c:/texlive/2024/texmf-dist/tex/latex/pgf/systemlayer/pgfsys.sty
(c:/texlive/2024/texmf-dist/tex/generic/pgf/systemlayer/pgfsys.code.tex
Package: pgfsys 2023-01-15 v3.1.10 (3.1.10)
\pgf@x=\dimen178
\pgf@y=\dimen179
\pgf@xa=\dimen180
\pgf@ya=\dimen181
\pgf@xb=\dimen182
\pgf@yb=\dimen183
\pgf@xc=\dimen184
\pgf@yc=\dimen185
\pgf@xd=\dimen186
\pgf@yd=\dimen187
\w@pgf@writea=\write3
\r@pgf@reada=\read2
\c@pgf@counta=\count297
\c@pgf@countb=\count298
\c@pgf@countc=\count299
\c@pgf@countd=\count300
\t@pgf@toka=\toks26
\t@pgf@tokb=\toks27
\t@pgf@tokc=\toks28
\pgf@sys@id@count=\count301

(c:/texlive/2024/texmf-dist/tex/generic/pgf/systemlayer/pgf.cfg
File: pgf.cfg 2023-01-15 v3.1.10 (3.1.10)
)
Driver file for pgf: pgfsys-pdftex.def

(c:/texlive/2024/texmf-dist/tex/generic/pgf/systemlayer/pgfsys-pdftex.def
File: pgfsys-pdftex.def 2023-01-15 v3.1.10 (3.1.10)

(c:/texlive/2024/texmf-dist/tex/generic/pgf/systemlayer/pgfsys-common-pdf.def
File: pgfsys-common-pdf.def 2023-01-15 v3.1.10 (3.1.10)
)))
(c:/texlive/2024/texmf-dist/tex/generic/pgf/systemlayer/pgfsyssoftpath.code.tex
File: pgfsyssoftpath.code.tex 2023-01-15 v3.1.10 (3.1.10)
\pgfsyssoftpath@smallbuffer@items=\count302
\pgfsyssoftpath@bigbuffer@items=\count303
)
(c:/texlive/2024/texmf-dist/tex/generic/pgf/systemlayer/pgfsysprotocol.code.tex
File: pgfsysprotocol.code.tex 2023-01-15 v3.1.10 (3.1.10)
)) (c:/texlive/2024/texmf-dist/tex/latex/xcolor/xcolor.sty
Package: xcolor 2024/09/29 v3.02 LaTeX color extensions (UK)

(c:/texlive/2024/texmf-dist/tex/latex/graphics-cfg/color.cfg
File: color.cfg 2016/01/02 v1.6 sample color configuration
)
Package xcolor Info: Driver file: pdftex.def on input line 274.

(c:/texlive/2024/texmf-dist/tex/latex/graphics/mathcolor.ltx)
Package xcolor Info: Model `cmy' substituted by `cmy0' on input line 1349.
Package xcolor Info: Model `hsb' substituted by `rgb' on input line 1353.
Package xcolor Info: Model `RGB' extended on input line 1365.
Package xcolor Info: Model `HTML' substituted by `rgb' on input line 1367.
Package xcolor Info: Model `Hsb' substituted by `hsb' on input line 1368.
Package xcolor Info: Model `tHsb' substituted by `hsb' on input line 1369.
Package xcolor Info: Model `HSB' substituted by `hsb' on input line 1370.
Package xcolor Info: Model `Gray' substituted by `gray' on input line 1371.
Package xcolor Info: Model `wave' substituted by `hsb' on input line 1372.
)
(c:/texlive/2024/texmf-dist/tex/generic/pgf/basiclayer/pgfcore.code.tex
Package: pgfcore 2023-01-15 v3.1.10 (3.1.10)

(c:/texlive/2024/texmf-dist/tex/generic/pgf/math/pgfint.code.tex)
(c:/texlive/2024/texmf-dist/tex/generic/pgf/basiclayer/pgfcorepoints.code.tex
File: pgfcorepoints.code.tex 2023-01-15 v3.1.10 (3.1.10)
\pgf@picminx=\dimen188
\pgf@picmaxx=\dimen189
\pgf@picminy=\dimen190
\pgf@picmaxy=\dimen191
\pgf@pathminx=\dimen192
\pgf@pathmaxx=\dimen193
\pgf@pathminy=\dimen194
\pgf@pathmaxy=\dimen195
\pgf@xx=\dimen196
\pgf@xy=\dimen197
\pgf@yx=\dimen198
\pgf@yy=\dimen199
\pgf@zx=\dimen256
\pgf@zy=\dimen257
)
(c:/texlive/2024/texmf-dist/tex/generic/pgf/basiclayer/pgfcorepathconstruct.cod
e.tex
File: pgfcorepathconstruct.code.tex 2023-01-15 v3.1.10 (3.1.10)
\pgf@path@lastx=\dimen258
\pgf@path@lasty=\dimen259
)
(c:/texlive/2024/texmf-dist/tex/generic/pgf/basiclayer/pgfcorepathusage.code.te
x
File: pgfcorepathusage.code.tex 2023-01-15 v3.1.10 (3.1.10)
\pgf@shorten@end@additional=\dimen260
\pgf@shorten@start@additional=\dimen261
)
(c:/texlive/2024/texmf-dist/tex/generic/pgf/basiclayer/pgfcorescopes.code.tex
File: pgfcorescopes.code.tex 2023-01-15 v3.1.10 (3.1.10)
\pgfpic=\box63
\pgf@hbox=\box64
\pgf@layerbox@main=\box65
\pgf@picture@serial@count=\count304
)
(c:/texlive/2024/texmf-dist/tex/generic/pgf/basiclayer/pgfcoregraphicstate.code
.tex
File: pgfcoregraphicstate.code.tex 2023-01-15 v3.1.10 (3.1.10)
\pgflinewidth=\dimen262
)
(c:/texlive/2024/texmf-dist/tex/generic/pgf/basiclayer/pgfcoretransformations.c
ode.tex
File: pgfcoretransformations.code.tex 2023-01-15 v3.1.10 (3.1.10)
\pgf@pt@x=\dimen263
\pgf@pt@y=\dimen264
\pgf@pt@temp=\dimen265
)
(c:/texlive/2024/texmf-dist/tex/generic/pgf/basiclayer/pgfcorequick.code.tex
File: pgfcorequick.code.tex 2023-01-15 v3.1.10 (3.1.10)
)
(c:/texlive/2024/texmf-dist/tex/generic/pgf/basiclayer/pgfcoreobjects.code.tex
File: pgfcoreobjects.code.tex 2023-01-15 v3.1.10 (3.1.10)
)
(c:/texlive/2024/texmf-dist/tex/generic/pgf/basiclayer/pgfcorepathprocessing.co
de.tex
File: pgfcorepathprocessing.code.tex 2023-01-15 v3.1.10 (3.1.10)
)
(c:/texlive/2024/texmf-dist/tex/generic/pgf/basiclayer/pgfcorearrows.code.tex
File: pgfcorearrows.code.tex 2023-01-15 v3.1.10 (3.1.10)
\pgfarrowsep=\dimen266
)
(c:/texlive/2024/texmf-dist/tex/generic/pgf/basiclayer/pgfcoreshade.code.tex
File: pgfcoreshade.code.tex 2023-01-15 v3.1.10 (3.1.10)
\pgf@max=\dimen267
\pgf@sys@shading@range@num=\count305
\pgf@shadingcount=\count306
)
(c:/texlive/2024/texmf-dist/tex/generic/pgf/basiclayer/pgfcoreimage.code.tex
File: pgfcoreimage.code.tex 2023-01-15 v3.1.10 (3.1.10)
)
(c:/texlive/2024/texmf-dist/tex/generic/pgf/basiclayer/pgfcoreexternal.code.tex
File: pgfcoreexternal.code.tex 2023-01-15 v3.1.10 (3.1.10)
\pgfexternal@startupbox=\box66
) (c:/texlive/2024/texmf-dist/tex/generic/pgf/basiclayer/pgfcorelayers.code.tex
File: pgfcorelayers.code.tex 2023-01-15 v3.1.10 (3.1.10)
)
(c:/texlive/2024/texmf-dist/tex/generic/pgf/basiclayer/pgfcoretransparency.code
.tex
File: pgfcoretransparency.code.tex 2023-01-15 v3.1.10 (3.1.10)
)
(c:/texlive/2024/texmf-dist/tex/generic/pgf/basiclayer/pgfcorepatterns.code.tex
File: pgfcorepatterns.code.tex 2023-01-15 v3.1.10 (3.1.10)
) (c:/texlive/2024/texmf-dist/tex/generic/pgf/basiclayer/pgfcorerdf.code.tex
File: pgfcorerdf.code.tex 2023-01-15 v3.1.10 (3.1.10)
))) (c:/texlive/2024/texmf-dist/tex/latex/pgf/utilities/xxcolor.sty
Package: xxcolor 2003/10/24 ver 0.1
\XC@nummixins=\count307
\XC@countmixins=\count308
)
(c:/texlive/2024/texmf-dist/tex/latex/base/atbegshi-ltx.sty
Package: atbegshi-ltx 2021/01/10 v1.0c Emulation of the original atbegshi
package with kernel methods
)
(c:/texlive/2024/texmf-dist/tex/latex/hyperref/hyperref.sty
Package: hyperref 2024-11-05 v7.01l Hypertext links for LaTeX

(c:/texlive/2024/texmf-dist/tex/latex/kvsetkeys/kvsetkeys.sty
Package: kvsetkeys 2022-10-05 v1.19 Key value parser (HO)
)
(c:/texlive/2024/texmf-dist/tex/generic/kvdefinekeys/kvdefinekeys.sty
Package: kvdefinekeys 2019-12-19 v1.6 Define keys (HO)
)
(c:/texlive/2024/texmf-dist/tex/generic/pdfescape/pdfescape.sty
Package: pdfescape 2019/12/09 v1.15 Implements pdfTeX's escape features (HO)

(c:/texlive/2024/texmf-dist/tex/generic/ltxcmds/ltxcmds.sty
Package: ltxcmds 2023-12-04 v1.26 LaTeX kernel commands for general use (HO)
)
(c:/texlive/2024/texmf-dist/tex/generic/pdftexcmds/pdftexcmds.sty
Package: pdftexcmds 2020-06-27 v0.33 Utility functions of pdfTeX for LuaTeX (HO
)

(c:/texlive/2024/texmf-dist/tex/generic/infwarerr/infwarerr.sty
Package: infwarerr 2019/12/03 v1.5 Providing info/warning/error messages (HO)
)
Package pdftexcmds Info: \pdf@primitive is available.
Package pdftexcmds Info: \pdf@ifprimitive is available.
Package pdftexcmds Info: \pdfdraftmode found.
))
(c:/texlive/2024/texmf-dist/tex/latex/hycolor/hycolor.sty
Package: hycolor 2020-01-27 v1.10 Color options for hyperref/bookmark (HO)
)
(c:/texlive/2024/texmf-dist/tex/latex/hyperref/nameref.sty
Package: nameref 2023-11-26 v2.56 Cross-referencing by name of section

(c:/texlive/2024/texmf-dist/tex/latex/refcount/refcount.sty
Package: refcount 2019/12/15 v3.6 Data extraction from label references (HO)
)
(c:/texlive/2024/texmf-dist/tex/generic/gettitlestring/gettitlestring.sty
Package: gettitlestring 2019/12/15 v1.6 Cleanup title references (HO)

(c:/texlive/2024/texmf-dist/tex/latex/kvoptions/kvoptions.sty
Package: kvoptions 2022-06-15 v3.15 Key value format for package options (HO)
))
\c@section@level=\count309
)
(c:/texlive/2024/texmf-dist/tex/generic/stringenc/stringenc.sty
Package: stringenc 2019/11/29 v1.12 Convert strings between diff. encodings (HO
)
)
\@linkdim=\dimen268
\Hy@linkcounter=\count310
\Hy@pagecounter=\count311

(c:/texlive/2024/texmf-dist/tex/latex/hyperref/pd1enc.def
File: pd1enc.def 2024-11-05 v7.01l Hyperref: PDFDocEncoding definition (HO)
Now handling font encoding PD1 ...
... no UTF-8 mapping file for font encoding PD1
)
(c:/texlive/2024/texmf-dist/tex/generic/intcalc/intcalc.sty
Package: intcalc 2019/12/15 v1.3 Expandable calculations with integers (HO)
)
\Hy@SavedSpaceFactor=\count312

(c:/texlive/2024/texmf-dist/tex/latex/hyperref/puenc.def
File: puenc.def 2024-11-05 v7.01l Hyperref: PDF Unicode definition (HO)
Now handling font encoding PU ...
... no UTF-8 mapping file for font encoding PU
)
Package hyperref Info: Option `bookmarks' set `true' on input line 4040.
Package hyperref Info: Option `bookmarksopen' set `true' on input line 4040.
Package hyperref Info: Option `implicit' set `false' on input line 4040.
Package hyperref Info: Hyper figures OFF on input line 4157.
Package hyperref Info: Link nesting OFF on input line 4162.
Package hyperref Info: Hyper index ON on input line 4165.
Package hyperref Info: Plain pages OFF on input line 4172.
Package hyperref Info: Backreferencing OFF on input line 4177.
Package hyperref Info: Implicit mode OFF; no redefinition of LaTeX internals.
Package hyperref Info: Bookmarks ON on input line 4424.
\c@Hy@tempcnt=\count313

(c:/texlive/2024/texmf-dist/tex/latex/url/url.sty
\Urlmuskip=\muskip17
Package: url 2013/09/16  ver 3.4  Verb mode for urls, etc.
)
LaTeX Info: Redefining \url on input line 4763.
\XeTeXLinkMargin=\dimen269

(c:/texlive/2024/texmf-dist/tex/generic/bitset/bitset.sty
Package: bitset 2019/12/09 v1.3 Handle bit-vector datatype (HO)

(c:/texlive/2024/texmf-dist/tex/generic/bigintcalc/bigintcalc.sty
Package: bigintcalc 2019/12/15 v1.5 Expandable calculations on big integers (HO
)
))
\Fld@menulength=\count314
\Field@Width=\dimen270
\Fld@charsize=\dimen271
Package hyperref Info: Hyper figures OFF on input line 6042.
Package hyperref Info: Link nesting OFF on input line 6047.
Package hyperref Info: Hyper index ON on input line 6050.
Package hyperref Info: backreferencing OFF on input line 6057.
Package hyperref Info: Link coloring OFF on input line 6062.
Package hyperref Info: Link coloring with OCG OFF on input line 6067.
Package hyperref Info: PDF/A mode OFF on input line 6072.
\Hy@abspage=\count315


Package hyperref Message: Stopped early.

)
Package hyperref Info: Driver (autodetected): hpdftex.
 (c:/texlive/2024/texmf-dist/tex/latex/hyperref/hpdftex.def
File: hpdftex.def 2024-11-05 v7.01l Hyperref driver for pdfTeX

(c:/texlive/2024/texmf-dist/tex/latex/base/atveryend-ltx.sty
Package: atveryend-ltx 2020/08/19 v1.0a Emulation of the original atveryend pac
kage
with kernel methods
)
\Fld@listcount=\count316
\c@bookmark@seq@number=\count317

(c:/texlive/2024/texmf-dist/tex/latex/rerunfilecheck/rerunfilecheck.sty
Package: rerunfilecheck 2022-07-10 v1.10 Rerun checks for auxiliary files (HO)

(c:/texlive/2024/texmf-dist/tex/generic/uniquecounter/uniquecounter.sty
Package: uniquecounter 2019/12/15 v1.4 Provide unlimited unique counter (HO)
)
Package uniquecounter Info: New unique counter `rerunfilecheck' on input line 2
85.
))
(c:/texlive/2024/texmf-dist/tex/latex/beamer/beamerbaserequires.sty
(c:/texlive/2024/texmf-dist/tex/latex/beamer/beamerbasecompatibility.sty)
(c:/texlive/2024/texmf-dist/tex/latex/beamer/beamerbasefont.sty
(c:/texlive/2024/texmf-dist/tex/latex/amsfonts/amssymb.sty
Package: amssymb 2013/01/14 v3.01 AMS font symbols

(c:/texlive/2024/texmf-dist/tex/latex/amsfonts/amsfonts.sty
Package: amsfonts 2013/01/14 v3.01 Basic AMSFonts support
\@emptytoks=\toks29
\symAMSa=\mathgroup4
\symAMSb=\mathgroup5
LaTeX Font Info:    Redeclaring math symbol \hbar on input line 98.
LaTeX Font Info:    Overwriting math alphabet `\mathfrak' in version `bold'
(Font)                  U/euf/m/n --> U/euf/b/n on input line 106.
))
(c:/texlive/2024/texmf-dist/tex/latex/sansmathaccent/sansmathaccent.sty
Package: sansmathaccent 2020/01/31

(c:/texlive/2024/texmf-dist/tex/latex/koma-script/scrlfile.sty
Package: scrlfile 2024/10/24 v3.43 KOMA-Script package (file load hooks)

(c:/texlive/2024/texmf-dist/tex/latex/koma-script/scrlfile-hook.sty
Package: scrlfile-hook 2024/10/24 v3.43 KOMA-Script package (using LaTeX hooks)


(c:/texlive/2024/texmf-dist/tex/latex/koma-script/scrlogo.sty
Package: scrlogo 2024/10/24 v3.43 KOMA-Script package (logo)
)))))
(c:/texlive/2024/texmf-dist/tex/latex/beamer/beamerbasetranslator.sty
(c:/texlive/2024/texmf-dist/tex/latex/translator/translator.sty
Package: translator 2021-05-31 v1.12d Easy translation of strings in LaTeX
))
(c:/texlive/2024/texmf-dist/tex/latex/beamer/beamerbasemisc.sty)
(c:/texlive/2024/texmf-dist/tex/latex/beamer/beamerbasetwoscreens.sty)
(c:/texlive/2024/texmf-dist/tex/latex/beamer/beamerbaseoverlay.sty
\beamer@argscount=\count318
\beamer@lastskipcover=\skip52
\beamer@trivlistdepth=\count319
)
(c:/texlive/2024/texmf-dist/tex/latex/beamer/beamerbasetitle.sty)
(c:/texlive/2024/texmf-dist/tex/latex/beamer/beamerbasesection.sty
\c@lecture=\count320
\c@part=\count321
\c@section=\count322
\c@subsection=\count323
\c@subsubsection=\count324
)
(c:/texlive/2024/texmf-dist/tex/latex/beamer/beamerbaseframe.sty
\beamer@framebox=\box67
\beamer@frametitlebox=\box68
\beamer@zoombox=\box69
\beamer@zoomcount=\count325
\beamer@zoomframecount=\count326
\beamer@frametextheight=\dimen272
\c@subsectionslide=\count327
\beamer@frametopskip=\skip53
\beamer@framebottomskip=\skip54
\beamer@frametopskipautobreak=\skip55
\beamer@framebottomskipautobreak=\skip56
\beamer@envbody=\toks30
\framewidth=\dimen273
\c@framenumber=\count328
)
(c:/texlive/2024/texmf-dist/tex/latex/beamer/beamerbaseverbatim.sty
\beamer@verbatimfileout=\write4
)
(c:/texlive/2024/texmf-dist/tex/latex/beamer/beamerbaseframesize.sty
\beamer@splitbox=\box70
\beamer@autobreakcount=\count329
\beamer@autobreaklastheight=\dimen274
\beamer@frametitletoks=\toks31
\beamer@framesubtitletoks=\toks32
)
(c:/texlive/2024/texmf-dist/tex/latex/beamer/beamerbaseframecomponents.sty
\beamer@footins=\box71
)
(c:/texlive/2024/texmf-dist/tex/latex/beamer/beamerbasecolor.sty)
(c:/texlive/2024/texmf-dist/tex/latex/beamer/beamerbasenotes.sty
\beamer@frameboxcopy=\box72
)
(c:/texlive/2024/texmf-dist/tex/latex/beamer/beamerbasetoc.sty)
(c:/texlive/2024/texmf-dist/tex/latex/beamer/beamerbasetemplates.sty
\beamer@sbttoks=\toks33

(c:/texlive/2024/texmf-dist/tex/latex/beamer/beamerbaseauxtemplates.sty
(c:/texlive/2024/texmf-dist/tex/latex/beamer/beamerbaseboxes.sty
\bmb@box=\box73
\bmb@colorbox=\box74
\bmb@boxwidth=\dimen275
\bmb@boxheight=\dimen276
\bmb@prevheight=\dimen277
\bmb@temp=\dimen278
\bmb@dima=\dimen279
\bmb@dimb=\dimen280
\bmb@prevheight=\dimen281
)
\beamer@blockheadheight=\dimen282
))
(c:/texlive/2024/texmf-dist/tex/latex/beamer/beamerbaselocalstructure.sty
(c:/texlive/2024/texmf-dist/tex/latex/tools/enumerate.sty
Package: enumerate 2023/07/04 v3.00 enumerate extensions (DPC)
\@enLab=\toks34
)
\beamer@bibiconwidth=\skip57
\c@figure=\count330
\c@table=\count331
\abovecaptionskip=\skip58
\belowcaptionskip=\skip59
)
(c:/texlive/2024/texmf-dist/tex/latex/beamer/beamerbasenavigation.sty
(c:/texlive/2024/texmf-dist/tex/latex/beamer/beamerbasenavigationsymbols.tex)
\beamer@section@min@dim=\dimen283
)
(c:/texlive/2024/texmf-dist/tex/latex/beamer/beamerbasetheorems.sty
(c:/texlive/2024/texmf-dist/tex/latex/amsmath/amsmath.sty
Package: amsmath 2024/11/05 v2.17t AMS math features
\@mathmargin=\skip60

For additional information on amsmath, use the `?' option.
(c:/texlive/2024/texmf-dist/tex/latex/amsmath/amstext.sty
Package: amstext 2021/08/26 v2.01 AMS text

(c:/texlive/2024/texmf-dist/tex/latex/amsmath/amsgen.sty
File: amsgen.sty 1999/11/30 v2.0 generic functions
\@emptytoks=\toks35
\ex@=\dimen284
))
(c:/texlive/2024/texmf-dist/tex/latex/amsmath/amsbsy.sty
Package: amsbsy 1999/11/29 v1.2d Bold Symbols
\pmbraise@=\dimen285
)
(c:/texlive/2024/texmf-dist/tex/latex/amsmath/amsopn.sty
Package: amsopn 2022/04/08 v2.04 operator names
)
\inf@bad=\count332
LaTeX Info: Redefining \frac on input line 233.
\uproot@=\count333
\leftroot@=\count334
LaTeX Info: Redefining \overline on input line 398.
LaTeX Info: Redefining \colon on input line 409.
\classnum@=\count335
\DOTSCASE@=\count336
LaTeX Info: Redefining \ldots on input line 495.
LaTeX Info: Redefining \dots on input line 498.
LaTeX Info: Redefining \cdots on input line 619.
\Mathstrutbox@=\box75
\strutbox@=\box76
LaTeX Info: Redefining \big on input line 721.
LaTeX Info: Redefining \Big on input line 722.
LaTeX Info: Redefining \bigg on input line 723.
LaTeX Info: Redefining \Bigg on input line 724.
\big@size=\dimen286
LaTeX Font Info:    Redeclaring font encoding OML on input line 742.
LaTeX Font Info:    Redeclaring font encoding OMS on input line 743.
\macc@depth=\count337
LaTeX Info: Redefining \bmod on input line 904.
LaTeX Info: Redefining \pmod on input line 909.
LaTeX Info: Redefining \smash on input line 939.
LaTeX Info: Redefining \relbar on input line 969.
LaTeX Info: Redefining \Relbar on input line 970.
\c@MaxMatrixCols=\count338
\dotsspace@=\muskip18
\c@parentequation=\count339
\dspbrk@lvl=\count340
\tag@help=\toks36
\row@=\count341
\column@=\count342
\maxfields@=\count343
\andhelp@=\toks37
\eqnshift@=\dimen287
\alignsep@=\dimen288
\tagshift@=\dimen289
\tagwidth@=\dimen290
\totwidth@=\dimen291
\lineht@=\dimen292
\@envbody=\toks38
\multlinegap=\skip61
\multlinetaggap=\skip62
\mathdisplay@stack=\toks39
LaTeX Info: Redefining \[ on input line 2953.
LaTeX Info: Redefining \] on input line 2954.
)
(c:/texlive/2024/texmf-dist/tex/latex/amscls/amsthm.sty
Package: amsthm 2020/05/29 v2.20.6
\thm@style=\toks40
\thm@bodyfont=\toks41
\thm@headfont=\toks42
\thm@notefont=\toks43
\thm@headpunct=\toks44
\thm@preskip=\skip63
\thm@postskip=\skip64
\thm@headsep=\skip65
\dth@everypar=\toks45
)
\c@theorem=\count344
)
(c:/texlive/2024/texmf-dist/tex/latex/beamer/beamerbasethemes.sty))
(c:/texlive/2024/texmf-dist/tex/latex/beamer/beamerthemedefault.sty
(c:/texlive/2024/texmf-dist/tex/latex/beamer/beamerfontthemedefault.sty)
(c:/texlive/2024/texmf-dist/tex/latex/beamer/beamercolorthemedefault.sty)
(c:/texlive/2024/texmf-dist/tex/latex/beamer/beamerinnerthemedefault.sty
\beamer@dima=\dimen293
\beamer@dimb=\dimen294
)
(c:/texlive/2024/texmf-dist/tex/latex/beamer/beamerouterthemedefault.sty)))
(c:/texlive/2024/texmf-dist/tex/latex/booktabs/booktabs.sty
Package: booktabs 2020/01/12 v1.61803398 Publication quality tables
\heavyrulewidth=\dimen295
\lightrulewidth=\dimen296
\cmidrulewidth=\dimen297
\belowrulesep=\dimen298
\belowbottomsep=\dimen299
\aboverulesep=\dimen300
\abovetopsep=\dimen301
\cmidrulesep=\dimen302
\cmidrulekern=\dimen303
\defaultaddspace=\dimen304
\@cmidla=\count345
\@cmidlb=\count346
\@aboverulesep=\dimen305
\@belowrulesep=\dimen306
\@thisruleclass=\count347
\@lastruleclass=\count348
\@thisrulewidth=\dimen307
)
(c:/texlive/2024/texmf-dist/tex/latex/beamer/beamerthemeMadrid.sty
(c:/texlive/2024/texmf-dist/tex/latex/beamer/beamercolorthemewhale.sty)
(c:/texlive/2024/texmf-dist/tex/latex/beamer/beamercolorthemeorchid.sty)
(c:/texlive/2024/texmf-dist/tex/latex/beamer/beamerinnerthemerounded.sty)
(c:/texlive/2024/texmf-dist/tex/latex/beamer/beamerouterthemeinfolines.sty))
(c:/texlive/2024/texmf-dist/tex/latex/base/inputenc.sty
Package: inputenc 2024/02/08 v1.3d Input encoding file
\inpenc@prehook=\toks46
\inpenc@posthook=\toks47
)
(c:/texlive/2024/texmf-dist/tex/latex/base/fontenc.sty
Package: fontenc 2021/04/29 v2.0v Standard LaTeX package
)
(c:/texlive/2024/texmf-dist/tex/generic/babel/babel.sty
Package: babel 2025/02/02 v25.3 The multilingual framework for pdfLaTeX, LuaLaT
eX and XeLaTeX
\babel@savecnt=\count349
\U@D=\dimen308
\l@unhyphenated=\language90

(c:/texlive/2024/texmf-dist/tex/generic/babel/txtbabel.def)
\bbl@readstream=\read3
LaTeX Info: Redefining \textlatin on input line 3835.
\bbl@dirlevel=\count350

(c:/texlive/2024/texmf-dist/tex/generic/babel-french/francais.ldf
Language: francais 2024-07-25 v3.6c French support from the babel system


Package francais.ldf Warning: Option `francais' for Babel is *deprecated*,
(francais.ldf)                it might be removed sooner or later. Please
(francais.ldf)                use `french' instead; reported on input line 31.

(c:/texlive/2024/texmf-dist/tex/generic/babel-french/french.ldf
Language: french 2024-07-25 v3.6c French support from the babel system
Package babel Info: Hyphen rules for 'acadian' set to \l@french
(babel)             (\language32). Reported on input line 91.
Package babel Info: Hyphen rules for 'canadien' set to \l@french
(babel)             (\language32). Reported on input line 92.
\FB@stdchar=\count351
Package babel Info: Making : an active character on input line 421.
Package babel Info: Making ; an active character on input line 422.
Package babel Info: Making ! an active character on input line 423.
Package babel Info: Making ? an active character on input line 424.
\FBguill@level=\count352
\FBold@everypar=\toks48
\FB@Mht=\dimen309
\mc@charclass=\count353
\mc@charfam=\count354
\mc@charslot=\count355
\std@mcc=\count356
\dec@mcc=\count357
\FB@parskip=\dimen310
\listindentFB=\dimen311
\descindentFB=\dimen312
\labelindentFB=\dimen313
\labelwidthFB=\dimen314
\leftmarginFB=\dimen315
\parindentFFN=\dimen316
\FBfnindent=\dimen317
)))
(c:/texlive/2024/texmf-dist/tex/latex/carlisle/scalefnt.sty)
Package french.ldf Info: No list customisation for the beamer class,
(french.ldf)             reported on input line 17.

(c:/texlive/2024/texmf-dist/tex/latex/algorithms/algorithm.sty
Package: algorithm 2009/08/24 v0.1 Document Style `algorithm' - floating enviro
nment

(c:/texlive/2024/texmf-dist/tex/latex/float/float.sty
Package: float 2001/11/08 v1.3d Float enhancements (AL)
\c@float@type=\count358
\float@exts=\toks49
\float@box=\box77
\@float@everytoks=\toks50
\@floatcapt=\box78
)
(c:/texlive/2024/texmf-dist/tex/latex/base/ifthen.sty
Package: ifthen 2024/03/16 v1.1e Standard LaTeX ifthen package (DPC)
)
\@float@every@algorithm=\toks51
\c@algorithm=\count359
)
(c:/texlive/2024/texmf-dist/tex/latex/algorithms/algorithmic.sty
Package: algorithmic 2009/08/24 v0.1 Document Style `algorithmic'
\c@ALC@unique=\count360
\c@ALC@line=\count361
\c@ALC@rem=\count362
\c@ALC@depth=\count363
\ALC@tlm=\skip66
\algorithmicindent=\skip67
)
(c:/texlive/2024/texmf-dist/tex/latex/fancyhdr/fancyhdr.sty
Package: fancyhdr 2025/02/07 v5.2 Extensive control of page headers and footers

\f@nch@headwidth=\skip68
\f@nch@offset@elh=\skip69
\f@nch@offset@erh=\skip70
\f@nch@offset@olh=\skip71
\f@nch@offset@orh=\skip72
\f@nch@offset@elf=\skip73
\f@nch@offset@erf=\skip74
\f@nch@offset@olf=\skip75
\f@nch@offset@orf=\skip76
\f@nch@height=\skip77
\f@nch@footalignment=\skip78
\f@nch@widthL=\skip79
\f@nch@widthC=\skip80
\f@nch@widthR=\skip81
\@temptokenb=\toks52
)
(c:/texlive/2024/texmf-dist/tex/latex/pstricks/pstricks.sty
Package: pstricks 2024/02/02 v0.75 LaTeX wrapper for `PSTricks' (RN,HV)

(c:/texlive/2024/texmf-dist/tex/generic/xkeyval/pst-xkey.tex
File: pst-xkey.tex 2005/11/25 v1.6 PSTricks specialization of xkeyval (HA)

(c:/texlive/2024/texmf-dist/tex/latex/xkeyval/xkeyval.sty
Package: xkeyval 2022/06/16 v2.9 package option processing (HA)

(c:/texlive/2024/texmf-dist/tex/generic/xkeyval/xkeyval.tex
(c:/texlive/2024/texmf-dist/tex/generic/xkeyval/xkvutils.tex
\XKV@toks=\toks53
\XKV@tempa@toks=\toks54
)
\XKV@depth=\count364
File: xkeyval.tex 2014/12/03 v2.7a key=value parser (HA)
)))
(c:/texlive/2024/texmf-dist/tex/generic/pstricks/pstricks.tex
(c:/texlive/2024/texmf-dist/tex/generic/pstricks/pst-fp.tex
`pst-fp' v0.06, 2020/11/20 (hv)
\pstFP@xs=\count365
\pstFP@xia=\count366
\pstFP@xib=\count367
\pstFP@xfa=\count368
\pstFP@xfb=\count369
\pstFP@rega=\count370
\pstFP@regb=\count371
\pstFP@regs=\count372
\pstFP@times=\count373
)
\psLoopIndex=\count374

`PSTricks' v3.21  <2024/11/16> (tvz,hv)
\pst@dima=\dimen318
\pst@dimb=\dimen319
\pst@dimc=\dimen320
\pst@dimd=\dimen321
\pst@dimg=\dimen322
\pst@dimh=\dimen323
\pst@dimm=\dimen324
\pst@dimn=\dimen325
\pst@dimo=\dimen326
\pst@dimp=\dimen327
\pst@hbox=\box79
\pst@ibox=\box80
\pst@boxg=\box81
\pst@cnta=\count375
\pst@cntb=\count376
\pst@cntc=\count377
\pst@cntd=\count378
\pst@cntg=\count379
\pst@cnth=\count380
\pst@cntm=\count381
\pst@cntn=\count382
\pst@cnto=\count383
\pst@cntp=\count384
\@zero=\count385
\pst@toks=\toks55
--- We are running latex or xelatex ---
(c:/texlive/2024/texmf-dist/tex/generic/pstricks/pstricks.con)
(c:/texlive/2024/texmf-dist/tex/generic/pstricks/pstricks-color.tex)
\psunit=\dimen328
\psxunit=\dimen329
\psyunit=\dimen330
\pst@C@@rType=\count386
\pslinewidth=\dimen331
\psk@startLW=\dimen332
\psk@endLW=\dimen333

(c:/texlive/2024/texmf-dist/tex/generic/pstricks/pstricks-arrows.tex
\pshooklength=\dimen334
\pshookwidth=\dimen335
)
\pst@customdefs=\toks56

(c:/texlive/2024/texmf-dist/tex/generic/pstricks/pstricks-dots.tex)
\pslinearc=\dimen336
\pst@symbolStep=\dimen337
\pst@symbolWidth=\dimen338
\pst@symbolLinewidth=\dimen339
\everypsbox=\toks57
\psframesep=\dimen340
\pslabelsep=\dimen341
\sh@wgridXunit=\dimen342
\sh@wgridYunit=\dimen343
\pst@shift=\dimen344
\ps@imagectr=\count387

(c:/texlive/2024/texmf-dist/tex/generic/pstricks/pstricks.con))
File: pstricks.tex 2024/11/16 v3.21 `PSTricks' (tvz,hv)

(c:/texlive/2024/texmf-dist/tex/generic/pstricks/pst-fp.tex
`pst-fp' v0.06, 2020/11/20 (hv))
File: pst-fp.tex 2020/11/20 v0.06 `PST-fp' (hv)
)
(c:/texlive/2024/texmf-dist/tex/latex/bbm-macros/bbm.sty
Package: bbm 1999/03/15 V 1.2 provides fonts for set symbols - TH
LaTeX Font Info:    Overwriting math alphabet `\mathbbm' in version `bold'
(Font)                  U/bbm/m/n --> U/bbm/bx/n on input line 33.
LaTeX Font Info:    Overwriting math alphabet `\mathbbmss' in version `bold'
(Font)                  U/bbmss/m/n --> U/bbmss/bx/n on input line 35.
)
\sympureletters=\mathgroup6
LaTeX Font Info:    Overwriting symbol font `pureletters' in version `bold'
(Font)                  OT1/mathkerncmss/m/sl --> OT1/mathkerncmss/bx/sl on inp
ut line 29.

(c:/texlive/2024/texmf-dist/tex/latex/tools/bm.sty
Package: bm 2023/12/19 v1.2f Bold Symbol Support (DPC/FMi)
\symboldoperators=\mathgroup7
\symboldletters=\mathgroup8
\symboldsymbols=\mathgroup9
Package bm Info: No bold for \OMX/cmex/m/n, using \pmb.
Package bm Info: No bold for \U/msa/m/n, using \pmb.
Package bm Info: No bold for \U/msb/m/n, using \pmb.
\symboldpureletters=\mathgroup10
LaTeX Font Info:    Redeclaring math alphabet \mathbf on input line 149.
)
(c:/texlive/2024/texmf-dist/tex/latex/showlabels/showlabels.sty
Package: showlabels 2022/07/18 v1.9.2

Package: `showlabels' v1.9.2 <2022/07/18>
with amsmath equation tags
\SL@labelposition=\count388
) (c:/texlive/2024/texmf-dist/tex/latex/cases/cases.sty
Package: cases 2020/03/29 ver 3.2
\numc@numwid=\dimen345
)
(c:/texlive/2024/texmf-dist/tex/latex/tools/array.sty
Package: array 2024/10/17 v2.6g Tabular extension package (FMi)
\col@sep=\dimen346
\ar@mcellbox=\box82
\extrarowheight=\dimen347
\NC@list=\toks58
\extratabsurround=\skip82
\backup@length=\skip83
\ar@cellbox=\box83
)
(c:/texlive/2024/texmf-dist/tex/latex/relsize/relsize.sty
Package: relsize 2013/03/29 ver 4.1
)
(c:/texlive/2024/texmf-dist/tex/latex/base/exscale.sty
Package: exscale 2018/09/24 v2.1i Standard LaTeX package exscale
LaTeX Font Info:    Redeclaring symbol font `largesymbols' on input line 57.
LaTeX Font Info:    Overwriting symbol font `largesymbols' in version `normal'
(Font)                  OMX/cmex/m/n --> OMX/cmex/m/n on input line 57.
LaTeX Font Info:    Overwriting symbol font `largesymbols' in version `bold'
(Font)                  OMX/cmex/m/n --> OMX/cmex/m/n on input line 57.
\big@size=\dimen348
)
(c:/texlive/2024/texmf-dist/tex/latex/caption/caption.sty
Package: caption 2023/08/05 v3.6o Customizing captions (AR)

(c:/texlive/2024/texmf-dist/tex/latex/caption/caption3.sty
Package: caption3 2023/07/31 v2.4d caption3 kernel (AR)
\caption@tempdima=\dimen349
\captionmargin=\dimen350
\caption@leftmargin=\dimen351
\caption@rightmargin=\dimen352
\caption@width=\dimen353
\caption@indent=\dimen354
\caption@parindent=\dimen355
\caption@hangindent=\dimen356
Package caption Info: beamer document class detected.
Package caption Info: french babel package is loaded.

(c:/texlive/2024/texmf-dist/tex/latex/caption/caption-beamer.sto
File: caption-beamer.sto 2022/01/06 v2.0c Adaption of the caption package to th
e beamer document classes (AR)
))
\c@caption@flags=\count389
\c@continuedfloat=\count390
Package caption Info: float package is loaded.
Package caption Info: hyperref package is loaded.
Package caption Info: Hyperref support is turned off
(caption)             because hyperref has stopped early.
)
(c:/texlive/2024/texmf-dist/tex/latex/psnfss/times.sty
Package: times 2020/03/25 PSNFSS-v9.3 (SPQR) 
)
(c:/texlive/2024/texmf-dist/tex/latex/caption/subcaption.sty
Package: subcaption 2023/07/28 v1.6b Sub-captions (AR)
Package caption Info: New subtype `subfigure' on input line 238.
\c@subfigure=\count391
Package caption Info: New subtype `subtable' on input line 238.
\c@subtable=\count392
)
(c:/texlive/2024/texmf-dist/tex/latex/epstopdf-pkg/epstopdf.sty
Package: epstopdf 2020-01-24 v2.11 Conversion with epstopdf on the fly (HO)

(c:/texlive/2024/texmf-dist/tex/latex/grfext/grfext.sty
Package: grfext 2019/12/03 v1.3 Manage graphics extensions (HO)
)
(c:/texlive/2024/texmf-dist/tex/latex/epstopdf-pkg/epstopdf-base.sty
Package: epstopdf-base 2020-01-24 v2.11 Base part for package epstopdf
Package epstopdf-base Info: Redefining graphics rule for `.eps' on input line 4
85.
Package grfext Info: Graphics extension search list:
(grfext)             [.pdf,.png,.jpg,.mps,.jpeg,.jbig2,.jb2,.PDF,.PNG,.JPG,.JPE
G,.JBIG2,.JB2,.eps]
(grfext)             \AppendGraphicsExtensions on input line 504.

(c:/texlive/2024/texmf-dist/tex/latex/latexconfig/epstopdf-sys.cfg
File: epstopdf-sys.cfg 2010/07/13 v1.3 Configuration of (r)epstopdf for TeX Liv
e
)))
(c:/texlive/2024/texmf-dist/tex/latex/pgf/frontendlayer/tikz.sty
(c:/texlive/2024/texmf-dist/tex/latex/pgf/basiclayer/pgf.sty
Loading pgf.sty
(c:/texlive/2024/texmf-dist/tex/generic/pgf/modules/pgfmoduleshapes.code.tex
File: pgfmoduleshapes.code.tex 2023-01-15 v3.1.10 (3.1.10)
\pgfnodeparttextbox=\box84
)
(c:/texlive/2024/texmf-dist/tex/generic/pgf/modules/pgfmoduleplot.code.tex
File: pgfmoduleplot.code.tex 2023-01-15 v3.1.10 (3.1.10)
)
(c:/texlive/2024/texmf-dist/tex/latex/pgf/compatibility/pgfcomp-version-0-65.st
y
Loading pgfcomp-version-0-65.sty
\pgf@nodesepstart=\dimen357
\pgf@nodesepend=\dimen358
)
(c:/texlive/2024/texmf-dist/tex/latex/pgf/compatibility/pgfcomp-version-1-18.st
y
Loading pgfcomp-version-1-18.sty
)) (c:/texlive/2024/texmf-dist/tex/latex/pgf/utilities/pgffor.sty
(c:/texlive/2024/texmf-dist/tex/generic/pgf/utilities/pgffor.code.tex
Loading pgffor.code.tex
\pgffor@iter=\dimen359
\pgffor@skip=\dimen360
\pgffor@stack=\toks59
\pgffor@toks=\toks60
)) (c:/texlive/2024/texmf-dist/tex/generic/pgf/frontendlayer/tikz/tikz.code.tex
Loading tikz.code.tex

(c:/texlive/2024/texmf-dist/tex/generic/pgf/libraries/pgflibraryplothandlers.co
de.tex
File: pgflibraryplothandlers.code.tex 2023-01-15 v3.1.10 (3.1.10)
\pgf@plot@mark@count=\count393
\pgfplotmarksize=\dimen361
)
\tikz@lastx=\dimen362
\tikz@lasty=\dimen363
\tikz@lastxsaved=\dimen364
\tikz@lastysaved=\dimen365
\tikz@lastmovetox=\dimen366
\tikz@lastmovetoy=\dimen367
\tikzleveldistance=\dimen368
\tikzsiblingdistance=\dimen369
\tikz@figbox=\box85
\tikz@figbox@bg=\box86
\tikz@tempbox=\box87
\tikz@tempbox@bg=\box88
\tikztreelevel=\count394
\tikznumberofchildren=\count395
\tikznumberofcurrentchild=\count396
\tikz@fig@count=\count397

(c:/texlive/2024/texmf-dist/tex/generic/pgf/modules/pgfmodulematrix.code.tex
File: pgfmodulematrix.code.tex 2023-01-15 v3.1.10 (3.1.10)
\pgfmatrixcurrentrow=\count398
\pgfmatrixcurrentcolumn=\count399
\pgf@matrix@numberofcolumns=\count400
)
\tikz@expandcount=\count401

(c:/texlive/2024/texmf-dist/tex/generic/pgf/frontendlayer/tikz/libraries/tikzli
brarytopaths.code.tex
File: tikzlibrarytopaths.code.tex 2023-01-15 v3.1.10 (3.1.10)
)))
(c:/texlive/2024/texmf-dist/tex/latex/glossaries/base/glossaries.sty
Package: glossaries 2024/11/01 v4.55 (NLCT)

(c:/texlive/2024/texmf-dist/tex/latex/mfirstuc/mfirstuc.sty
Package: mfirstuc 2022/10/14 v2.08 (NLCT)
\@glsmfirst=\toks61
\@glsmrest=\toks62
)
(c:/texlive/2024/texmf-dist/tex/latex/xfor/xfor.sty
Package: xfor 2009/02/05 v1.05 (NLCT)
)
(c:/texlive/2024/texmf-dist/tex/latex/tracklang/tracklang.sty
Package: tracklang 2025/01/26 v1.6.4 (NLCT) Track Languages

(c:/texlive/2024/texmf-dist/tex/generic/tracklang/tracklang.tex))
(c:/texlive/2024/texmf-dist/tex/latex/datatool/datatool-base.sty
Package: datatool-base 2019/09/27 v2.32 (NLCT)

(c:/texlive/2024/texmf-dist/tex/latex/substr/substr.sty
Package: substr 2009/10/20 v1.2 Handle substrings
\c@su@anzahl=\count402
)
(c:/texlive/2024/texmf-dist/tex/latex/datatool/datatool-fp.sty
Package: datatool-fp 2019/09/27 v2.32 (NLCT)

(c:/texlive/2024/texmf-dist/tex/latex/fp/fp.sty
Package: fp 1995/04/02

`Fixed Point Package', Version 0.8, April 2, 1995 (C) Michael Mehlich
(c:/texlive/2024/texmf-dist/tex/latex/fp/defpattern.sty
Package: defpattern 1994/10/12
\actioncount=\count403
)
(c:/texlive/2024/texmf-dist/tex/latex/fp/fp-basic.sty
Package: fp-basic 1996/05/13
\FP@xs=\count404
\FP@xia=\count405
\FP@xib=\count406
\FP@xfa=\count407
\FP@xfb=\count408
\FP@rega=\count409
\FP@regb=\count410
\FP@regs=\count411
\FP@times=\count412
)
(c:/texlive/2024/texmf-dist/tex/latex/fp/fp-addons.sty
Package: fp-addons 1995/03/15
)
(c:/texlive/2024/texmf-dist/tex/latex/fp/fp-snap.sty
Package: fp-snap 1995/04/05
)
(c:/texlive/2024/texmf-dist/tex/latex/fp/fp-exp.sty
Package: fp-exp 1995/04/03
)
(c:/texlive/2024/texmf-dist/tex/latex/fp/fp-trigo.sty
Package: fp-trigo 1995/04/14
)
(c:/texlive/2024/texmf-dist/tex/latex/fp/fp-pas.sty
Package: fp-pas 1994/08/29
)
(c:/texlive/2024/texmf-dist/tex/latex/fp/fp-random.sty
Package: fp-random 1995/02/23
\FPseed=\count413
)
(c:/texlive/2024/texmf-dist/tex/latex/fp/fp-eqn.sty
Package: fp-eqn 1995/04/03
)
(c:/texlive/2024/texmf-dist/tex/latex/fp/fp-upn.sty
Package: fp-upn 1996/10/21
)
(c:/texlive/2024/texmf-dist/tex/latex/fp/fp-eval.sty
Package: fp-eval 1995/04/03
)))
\@dtl@toks=\toks63
\@dtl@tmpcount=\count414
\dtl@tmplength=\skip84
\dtl@sortresult=\count415
\@dtl@numgrpsepcount=\count416
\@dtl@datatype=\count417
\dtl@codeA=\count418
\dtl@codeB=\count419
\@dtl@foreach@level=\count420
)
\gls@level=\count421
\@gls@tmpb=\toks64
\gls@tmplen=\skip85
\glskeylisttok=\toks65
\glslabeltok=\toks66
\glsshorttok=\toks67
\glslongtok=\toks68

(c:/texlive/2024/texmf-dist/tex/latex/glossaries/styles/glossary-hypernav.sty
Package: glossary-hypernav 2024/11/01 v4.55 (NLCT)
)
(c:/texlive/2024/texmf-dist/tex/latex/glossaries/styles/glossary-list.sty
Package: glossary-list 2024/11/01 v4.55 (NLCT)
\glslistdottedwidth=\skip86
)
(c:/texlive/2024/texmf-dist/tex/latex/glossaries/styles/glossary-long.sty
Package: glossary-long 2024/11/01 v4.55 (NLCT)

(c:/texlive/2024/texmf-dist/tex/latex/tools/longtable.sty
Package: longtable 2024-10-27 v4.22 Multi-page Table package (DPC)
\LTleft=\skip87
\LTright=\skip88
\LTpre=\skip89
\LTpost=\skip90
\LTchunksize=\count422
\LTcapwidth=\dimen370
\LT@head=\box89
\LT@firsthead=\box90
\LT@foot=\box91
\LT@lastfoot=\box92
\LT@gbox=\box93
\LT@cols=\count423
\LT@rows=\count424
\c@LT@tables=\count425
\c@LT@chunks=\count426
\LT@p@ftn=\toks69
)
\glsdescwidth=\skip91
\glspagelistwidth=\skip92
)
(c:/texlive/2024/texmf-dist/tex/latex/glossaries/styles/glossary-super.sty
Package: glossary-super 2024/11/01 v4.55 (NLCT)

(c:/texlive/2024/texmf-dist/tex/latex/supertabular/supertabular.sty
Package: supertabular 2024/07/20 v4.2c the supertabular environment
\c@tracingst=\count427
\ST@wd=\dimen371
\ST@rightskip=\skip93
\ST@leftskip=\skip94
\ST@parfillskip=\skip95
\ST@pageleft=\dimen372
\ST@headht=\dimen373
\ST@tailht=\dimen374
\ST@pagesofar=\dimen375
\ST@pboxht=\dimen376
\ST@rowht=\dimen377
\ST@prevht=\dimen378
\ST@toadd=\dimen379
\ST@dimen=\dimen380
\ST@pbox=\box94
))
(c:/texlive/2024/texmf-dist/tex/latex/glossaries/styles/glossary-tree.sty
Package: glossary-tree 2024/11/01 v4.55 (NLCT)
\glstreeindent=\skip96
))
(c:/texlive/2024/texmf-dist/tex/latex/pgfplots/pgfplots.sty
(c:/texlive/2024/texmf-dist/tex/generic/pgfplots/pgfplots.revision.tex)
Package: pgfplots 2021/05/15 v1.18.1 Data Visualization (1.18.1)

(c:/texlive/2024/texmf-dist/tex/generic/pgfplots/pgfplots.code.tex
(c:/texlive/2024/texmf-dist/tex/generic/pgfplots/pgfplotscore.code.tex
\t@pgfplots@toka=\toks70
\t@pgfplots@tokb=\toks71
\t@pgfplots@tokc=\toks72
\pgfplots@tmpa=\dimen381
\c@pgfplots@coordindex=\count428
\c@pgfplots@scanlineindex=\count429

(c:/texlive/2024/texmf-dist/tex/generic/pgfplots/sys/pgfplotssysgeneric.code.te
x))
(c:/texlive/2024/texmf-dist/tex/generic/pgfplots/libs/pgfplotslibrary.code.tex)

(c:/texlive/2024/texmf-dist/tex/generic/pgfplots/oldpgfcompatib/pgfplotsoldpgfs
upp_loader.code.tex
(c:/texlive/2024/texmf-dist/tex/generic/pgf/libraries/pgflibraryfpu.code.tex)
Package pgfplots: loading complementary utilities for your pgf version...
\t@pgf@toka=\toks73
\t@pgf@tokb=\toks74
\t@pgf@tokc=\toks75

(c:/texlive/2024/texmf-dist/tex/generic/pgfplots/oldpgfcompatib/pgfplotsoldpgfs
upp_pgfutil-common-lists.tex))
(c:/texlive/2024/texmf-dist/tex/generic/pgfplots/util/pgfplotsutil.code.tex
(c:/texlive/2024/texmf-dist/tex/generic/pgfplots/liststructure/pgfplotsliststru
cture.code.tex)
(c:/texlive/2024/texmf-dist/tex/generic/pgfplots/liststructure/pgfplotsliststru
ctureext.code.tex)
(c:/texlive/2024/texmf-dist/tex/generic/pgfplots/liststructure/pgfplotsarray.co
de.tex
\c@pgfplotsarray@tmp=\count430
)
(c:/texlive/2024/texmf-dist/tex/generic/pgfplots/liststructure/pgfplotsmatrix.c
ode.tex)
(c:/texlive/2024/texmf-dist/tex/generic/pgfplots/numtable/pgfplotstableshared.c
ode.tex
\c@pgfplotstable@counta=\count431
\t@pgfplotstable@a=\toks76
)
(c:/texlive/2024/texmf-dist/tex/generic/pgfplots/liststructure/pgfplotsdeque.co
de.tex)
(c:/texlive/2024/texmf-dist/tex/generic/pgfplots/util/pgfplotsbinary.code.tex
(c:/texlive/2024/texmf-dist/tex/generic/pgfplots/util/pgfplotsbinary.data.code.
tex))
(c:/texlive/2024/texmf-dist/tex/generic/pgfplots/util/pgfplotsutil.verb.code.te
x)
(c:/texlive/2024/texmf-dist/tex/generic/pgfplots/libs/pgflibrarypgfplots.surfsh
ading.code.tex
\c@pgfplotslibrarysurf@no=\count432

(c:/texlive/2024/texmf-dist/tex/generic/pgfplots/sys/pgflibrarypgfplots.surfsha
ding.pgfsys-pdftex.def)))
(c:/texlive/2024/texmf-dist/tex/generic/pgfplots/util/pgfplotscolormap.code.tex
(c:/texlive/2024/texmf-dist/tex/generic/pgfplots/util/pgfplotscolor.code.tex))
(c:/texlive/2024/texmf-dist/tex/generic/pgfplots/pgfplotsstackedplots.code.tex)
(c:/texlive/2024/texmf-dist/tex/generic/pgfplots/pgfplotsplothandlers.code.tex
(c:/texlive/2024/texmf-dist/tex/generic/pgfplots/pgfplotsmeshplothandler.code.t
ex
(c:/texlive/2024/texmf-dist/tex/generic/pgfplots/pgfplotsmeshplotimage.code.tex
))) (c:/texlive/2024/texmf-dist/tex/generic/pgfplots/pgfplots.scaling.code.tex)

(c:/texlive/2024/texmf-dist/tex/generic/pgfplots/pgfplotscoordprocessing.code.t
ex)
(c:/texlive/2024/texmf-dist/tex/generic/pgfplots/pgfplots.errorbars.code.tex)
(c:/texlive/2024/texmf-dist/tex/generic/pgfplots/pgfplots.markers.code.tex)
(c:/texlive/2024/texmf-dist/tex/generic/pgfplots/pgfplotsticks.code.tex)
(c:/texlive/2024/texmf-dist/tex/generic/pgfplots/pgfplots.paths.code.tex)
(c:/texlive/2024/texmf-dist/tex/generic/pgf/frontendlayer/tikz/libraries/tikzli
brarydecorations.code.tex
(c:/texlive/2024/texmf-dist/tex/generic/pgf/modules/pgfmoduledecorations.code.t
ex
\pgfdecoratedcompleteddistance=\dimen382
\pgfdecoratedremainingdistance=\dimen383
\pgfdecoratedinputsegmentcompleteddistance=\dimen384
\pgfdecoratedinputsegmentremainingdistance=\dimen385
\pgf@decorate@distancetomove=\dimen386
\pgf@decorate@repeatstate=\count433
\pgfdecorationsegmentamplitude=\dimen387
\pgfdecorationsegmentlength=\dimen388
)
\tikz@lib@dec@box=\box95
)
(c:/texlive/2024/texmf-dist/tex/generic/pgf/frontendlayer/tikz/libraries/tikzli
brarydecorations.pathmorphing.code.tex
(c:/texlive/2024/texmf-dist/tex/generic/pgf/libraries/decorations/pgflibrarydec
orations.pathmorphing.code.tex))
(c:/texlive/2024/texmf-dist/tex/generic/pgf/frontendlayer/tikz/libraries/tikzli
brarydecorations.pathreplacing.code.tex
(c:/texlive/2024/texmf-dist/tex/generic/pgf/libraries/decorations/pgflibrarydec
orations.pathreplacing.code.tex))
(c:/texlive/2024/texmf-dist/tex/generic/pgfplots/libs/tikzlibrarypgfplots.conto
urlua.code.tex)
\pgfplots@numplots=\count434
\pgfplots@xmin@reg=\dimen389
\pgfplots@xmax@reg=\dimen390
\pgfplots@ymin@reg=\dimen391
\pgfplots@ymax@reg=\dimen392
\pgfplots@zmin@reg=\dimen393
\pgfplots@zmax@reg=\dimen394
)
(c:/texlive/2024/texmf-dist/tex/generic/pgf/frontendlayer/tikz/libraries/tikzli
braryplotmarks.code.tex
File: tikzlibraryplotmarks.code.tex 2023-01-15 v3.1.10 (3.1.10)

(c:/texlive/2024/texmf-dist/tex/generic/pgf/libraries/pgflibraryplotmarks.code.
tex
File: pgflibraryplotmarks.code.tex 2023-01-15 v3.1.10 (3.1.10)
)))
\c@definition=\count435


LaTeX Warning: Command `\thedefinition' already defined -- not changed on input
 line 48.

\c@proposition=\count436
\c@thm=\count437
\c@corollaire=\count438
(c:/texlive/2024/texmf-dist/tex/latex/psnfss/palatino.sty
Package: palatino 2020/03/25 PSNFSS-v9.3 (SPQR) 
)
(c:/texlive/2024/texmf-dist/tex/latex/opensans/opensans.sty
Package: opensans 2019/06/20 Style file for Open Sans.

(c:/texlive/2024/texmf-dist/tex/latex/fontaxes/fontaxes.sty
Package: fontaxes 2020/07/21 v1.0e Font selection axes
LaTeX Info: Redefining \upshape on input line 29.
LaTeX Info: Redefining \itshape on input line 31.
LaTeX Info: Redefining \slshape on input line 33.
LaTeX Info: Redefining \swshape on input line 35.
LaTeX Info: Redefining \scshape on input line 37.
LaTeX Info: Redefining \sscshape on input line 39.
LaTeX Info: Redefining \ulcshape on input line 41.
LaTeX Info: Redefining \textsw on input line 47.
LaTeX Info: Redefining \textssc on input line 48.
LaTeX Info: Redefining \textulc on input line 49.
)
(c:/texlive/2024/texmf-dist/tex/generic/iftex/ifluatex.sty
Package: ifluatex 2019/10/25 v1.5 ifluatex legacy package. Use iftex instead.
)
(c:/texlive/2024/texmf-dist/tex/generic/iftex/ifxetex.sty
Package: ifxetex 2019/10/25 v0.7 ifxetex legacy package. Use iftex instead.
))
(c:/texlive/2024/texmf-dist/tex/latex/beamer/beamerinnerthemecircles.sty)
(c:/texlive/2024/texmf-dist/tex/latex/beamer/beamerouterthememiniframes.sty)
LaTeX Font Info:    Trying to load font information for T1+opensans-TLF on inpu
t line 172.

(c:/texlive/2024/texmf-dist/tex/latex/opensans/T1opensans-TLF.fd
File: T1opensans-TLF.fd 2019/06/24 Font definitions for T1/opensans-TLF.
)
LaTeX Font Info:    Font shape `T1/opensans-TLF/m/n' will be
(Font)              scaled to size 10.95pt on input line 172.

(c:/texlive/2024/texmf-dist/tex/latex/l3backend/l3backend-pdftex.def
File: l3backend-pdftex.def 2024-05-08 L3 backend support: PDF output (pdfTeX)
\l__color_backend_stack_int=\count439
\l__pdf_internal_box=\box96
)
(./slides.aux
(c:/texlive/2024/texmf-dist/tex/generic/babel/locale/fr/babel-french.tex
Package babel Info: Importing font and identification data for french
(babel)             from babel-fr.ini. Reported on input line 11.
))
\openout1 = `slides.aux'.

LaTeX Font Info:    Checking defaults for OML/cmm/m/it on input line 172.
LaTeX Font Info:    ... okay on input line 172.
LaTeX Font Info:    Checking defaults for OMS/cmsy/m/n on input line 172.
LaTeX Font Info:    ... okay on input line 172.
LaTeX Font Info:    Checking defaults for OT1/cmr/m/n on input line 172.
LaTeX Font Info:    ... okay on input line 172.
LaTeX Font Info:    Checking defaults for T1/cmr/m/n on input line 172.
LaTeX Font Info:    ... okay on input line 172.
LaTeX Font Info:    Checking defaults for TS1/cmr/m/n on input line 172.
LaTeX Font Info:    ... okay on input line 172.
LaTeX Font Info:    Checking defaults for OMX/cmex/m/n on input line 172.
LaTeX Font Info:    ... okay on input line 172.
LaTeX Font Info:    Checking defaults for U/cmr/m/n on input line 172.
LaTeX Font Info:    ... okay on input line 172.
LaTeX Font Info:    Checking defaults for PD1/pdf/m/n on input line 172.
LaTeX Font Info:    ... okay on input line 172.
LaTeX Font Info:    Checking defaults for PU/pdf/m/n on input line 172.
LaTeX Font Info:    ... okay on input line 172.

*geometry* driver: auto-detecting
*geometry* detected driver: pdftex
*geometry* verbose mode - [ preamble ] result:
* driver: pdftex
* paper: custom
* layout: <same size as paper>
* layoutoffset:(h,v)=(0.0pt,0.0pt)
* modes: includehead includefoot 
* h-part:(L,W,R)=(10.95003pt, 433.34402pt, 10.95003pt)
* v-part:(T,H,B)=(0.0pt, 256.0748pt, 0.0pt)
* \paperwidth=455.24408pt
* \paperheight=256.0748pt
* \textwidth=433.34402pt
* \textheight=227.62207pt
* \oddsidemargin=-61.31996pt
* \evensidemargin=-61.31996pt
* \topmargin=-72.26999pt
* \headheight=14.22636pt
* \headsep=0.0pt
* \topskip=11.0pt
* \footskip=14.22636pt
* \marginparwidth=4.0pt
* \marginparsep=10.0pt
* \columnsep=10.0pt
* \skip\footins=10.0pt plus 4.0pt minus 2.0pt
* \hoffset=0.0pt
* \voffset=0.0pt
* \mag=1000
* \@twocolumnfalse
* \@twosidefalse
* \@mparswitchfalse
* \@reversemarginfalse
* (1in=72.27pt=25.4mm, 1cm=28.453pt)

(c:/texlive/2024/texmf-dist/tex/context/base/mkii/supp-pdf.mkii
[Loading MPS to PDF converter (version 2006.09.02).]
\scratchcounter=\count440
\scratchdimen=\dimen395
\scratchbox=\box97
\nofMPsegments=\count441
\nofMParguments=\count442
\everyMPshowfont=\toks77
\MPscratchCnt=\count443
\MPscratchDim=\dimen396
\MPnumerator=\count444
\makeMPintoPDFobject=\count445
\everyMPtoPDFconversion=\toks78
)
Package hyperref Info: Link coloring OFF on input line 172.
 (./slides.out) (./slides.out)
\@outlinefile=\write5
\openout5 = `slides.out'.

LaTeX Font Info:    Overwriting symbol font `operators' in version `normal'
(Font)                  OT1/cmr/m/n --> OT1/cmss/m/n on input line 172.
LaTeX Font Info:    Overwriting symbol font `operators' in version `bold'
(Font)                  OT1/cmr/bx/n --> OT1/cmss/b/n on input line 172.
\symnumbers=\mathgroup11
LaTeX Font Info:    Redeclaring symbol font `pureletters' on input line 172.
LaTeX Font Info:    Encoding `OT1' has changed to `T1' for symbol font
(Font)              `pureletters' in the math version `normal' on input line 17
2.
LaTeX Font Info:    Overwriting symbol font `pureletters' in version `normal'
(Font)                  OT1/mathkerncmss/m/sl --> T1/phv/m/it on input line 172
.
LaTeX Font Info:    Encoding `OT1' has changed to `T1' for symbol font
(Font)              `pureletters' in the math version `bold' on input line 172.

LaTeX Font Info:    Overwriting symbol font `pureletters' in version `bold'
(Font)                  OT1/mathkerncmss/bx/sl --> T1/phv/m/it on input line 17
2.
LaTeX Font Info:    Overwriting math alphabet `\mathrm' in version `normal'
(Font)                  OT1/cmss/m/n --> T1/ppl/m/n on input line 172.
LaTeX Font Info:    Redeclaring math alphabet \mathbf on input line 172.
LaTeX Font Info:    Redeclaring math alphabet \mathsf on input line 172.
LaTeX Font Info:    Overwriting math alphabet `\mathsf' in version `normal'
(Font)                  OT1/cmss/m/n --> T1/phv/m/n on input line 172.
LaTeX Font Info:    Overwriting math alphabet `\mathsf' in version `bold'
(Font)                  OT1/cmss/bx/n --> T1/phv/m/n on input line 172.
LaTeX Font Info:    Redeclaring math alphabet \mathit on input line 172.
LaTeX Font Info:    Overwriting math alphabet `\mathit' in version `normal'
(Font)                  OT1/cmr/m/it --> T1/phv/m/it on input line 172.
LaTeX Font Info:    Overwriting math alphabet `\mathit' in version `bold'
(Font)                  OT1/cmr/bx/it --> T1/phv/m/it on input line 172.
LaTeX Font Info:    Redeclaring math alphabet \mathtt on input line 172.
LaTeX Font Info:    Overwriting math alphabet `\mathtt' in version `normal'
(Font)                  OT1/cmtt/m/n --> T1/pcr/m/n on input line 172.
LaTeX Font Info:    Overwriting math alphabet `\mathtt' in version `bold'
(Font)                  OT1/cmtt/m/n --> T1/pcr/m/n on input line 172.
LaTeX Font Info:    Overwriting symbol font `numbers' in version `bold'
(Font)                  T1/phv/m/n --> T1/phv/b/n on input line 172.
LaTeX Font Info:    Overwriting symbol font `pureletters' in version `bold'
(Font)                  T1/phv/m/it --> T1/phv/b/it on input line 172.
LaTeX Font Info:    Overwriting math alphabet `\mathrm' in version `bold'
(Font)                  OT1/cmss/b/n --> T1/ppl/b/n on input line 172.
LaTeX Font Info:    Overwriting math alphabet `\mathbf' in version `bold'
(Font)                  T1/phv/b/n --> T1/phv/b/n on input line 172.
LaTeX Font Info:    Overwriting math alphabet `\mathsf' in version `bold'
(Font)                  T1/phv/m/n --> T1/phv/b/n on input line 172.
LaTeX Font Info:    Overwriting math alphabet `\mathit' in version `bold'
(Font)                  T1/phv/m/it --> T1/phv/b/it on input line 172.
LaTeX Font Info:    Overwriting math alphabet `\mathtt' in version `bold'
(Font)                  T1/pcr/m/n --> T1/pcr/b/n on input line 172.
LaTeX Font Info:    Redeclaring symbol font `boldpureletters' on input line 172
.
LaTeX Font Info:    Encoding `OT1' has changed to `T1' for symbol font
(Font)              `boldpureletters' in the math version `normal' on input lin
e 172.
LaTeX Font Info:    Overwriting symbol font `boldpureletters' in version `norma
l'
(Font)                  OT1/mathkerncmss/bx/sl --> T1/phv/bx/it on input line 1
72.
LaTeX Font Info:    Encoding `OT1' has changed to `T1' for symbol font
(Font)              `boldpureletters' in the math version `bold' on input line 
172.
LaTeX Font Info:    Overwriting symbol font `boldpureletters' in version `bold'

(Font)                  OT1/mathkerncmss/bx/sl --> T1/phv/bx/it on input line 1
72.

(c:/texlive/2024/texmf-dist/tex/latex/translator/translator-basic-dictionary-En
glish.dict
Dictionary: translator-basic-dictionary, Language: English 
)
(c:/texlive/2024/texmf-dist/tex/latex/translator/translator-bibliography-dictio
nary-English.dict
Dictionary: translator-bibliography-dictionary, Language: English 
)
(c:/texlive/2024/texmf-dist/tex/latex/translator/translator-environment-diction
ary-English.dict
Dictionary: translator-environment-dictionary, Language: English 
)
(c:/texlive/2024/texmf-dist/tex/latex/translator/translator-months-dictionary-E
nglish.dict
Dictionary: translator-months-dictionary, Language: English 
)
(c:/texlive/2024/texmf-dist/tex/latex/translator/translator-numbers-dictionary-
English.dict
Dictionary: translator-numbers-dictionary, Language: English 
)
(c:/texlive/2024/texmf-dist/tex/latex/translator/translator-theorem-dictionary-
English.dict
Dictionary: translator-theorem-dictionary, Language: English 
)
LaTeX Info: Redefining \degres on input line 172.
LaTeX Info: Redefining \up on input line 172.
Package caption Info: Begin \AtBeginDocument code.
Package caption Info: longtable package is loaded.
 (c:/texlive/2024/texmf-dist/tex/latex/caption/ltcaption.sty
Package: ltcaption 2021/01/08 v1.4c longtable captions (AR)
)
Package caption Info: supertabular package is loaded.
Package caption Info: End \AtBeginDocument code.

Package pgfplots notification 'compat/show suggested version=true': document ha
s been generated with the most recent feature set (\pgfplotsset{compat=1.18}).

\c@mv@tabular=\count446
\c@mv@boldtabular=\count447
(./slides.nav)
LaTeX Font Info:    Font shape `T1/opensans-TLF/m/n' will be
(Font)              scaled to size 6.0pt on input line 172.
LaTeX Font Info:    Font shape `T1/opensans-TLF/m/n' will be
(Font)              scaled to size 14.4pt on input line 186.
LaTeX Font Info:    Font shape `T1/opensans-TLF/m/n' will be
(Font)              scaled to size 8.0pt on input line 186.
LaTeX Font Info:    Font shape `T1/opensans-TLF/m/it' will be
(Font)              scaled to size 8.0pt on input line 186.
<Logo_ESILV.png, id=55, 150.5625pt x 150.5625pt>
File: Logo_ESILV.png Graphic file (type png)
<use Logo_ESILV.png>
Package pdftex.def Info: Logo_ESILV.png  used on input line 186.
(pdftex.def)             Requested size: 45.16908pt x 45.16908pt.


LaTeX Font Info:    Font shape `T1/opensans-TLF/m/n' will be
(Font)              scaled to size 4.0pt on input line 186.
[1
Non-PDF special ignored!
<special> header=pstricks.pro
Non-PDF special ignored!
<special> header=pst-algparser.pro
Non-PDF special ignored!
<special> header=pst-tools.pro
Non-PDF special ignored!
<special> header=pst-dots.pro
{c:/texlive/2024/texmf-var/fonts/map/pdftex/updmap/pdftex.map}{c:/texlive/2024/
texmf-dist/fonts/enc/dvips/opensans/a_jg4h6q.enc}


Non-PDF special ignored!
<special> ps: /pssetRGBcolor /setrgbcolor load def /pssetCMYKcolor /setcmyk...
Non-PDF special ignored!
<special> ps:tx@Dict begin  gsave STV CP T /ps@rot 0 def grestore  end
Non-PDF special ignored!
<special> ps:tx@Dict begin  gsave STV CP T /ps@refangle 0.  def grestore  e...
 <./Logo_ESILV.png>] (./slides.toc)

[2

] (./Introduction.tex

[3

]
LaTeX Font Info:    Font shape `T1/opensans-TLF/m/n' will be
(Font)              scaled to size 10.0pt on input line 55.
LaTeX Font Info:    External font `cmex7' loaded for size
(Font)              <7> on input line 55.
LaTeX Font Info:    External font `cmex7' loaded for size
(Font)              <5> on input line 55.
LaTeX Font Info:    Trying to load font information for U+msa on input line 55.

 (c:/texlive/2024/texmf-dist/tex/latex/amsfonts/umsa.fd
File: umsa.fd 2013/01/14 v3.01 AMS symbols A
)
LaTeX Font Info:    Trying to load font information for U+msb on input line 55.


(c:/texlive/2024/texmf-dist/tex/latex/amsfonts/umsb.fd
File: umsb.fd 2013/01/14 v3.01 AMS symbols B
)
LaTeX Font Info:    Trying to load font information for T1+phv on input line 55
.

(c:/texlive/2024/texmf-dist/tex/latex/psnfss/t1phv.fd
File: t1phv.fd 2020/03/25 scalable font definitions for T1/phv.
)
LaTeX Font Info:    Font shape `T1/phv/m/it' in size <10> not available
(Font)              Font shape `T1/phv/m/sl' tried instead on input line 55.
LaTeX Font Info:    Font shape `T1/phv/m/it' in size <7> not available
(Font)              Font shape `T1/phv/m/sl' tried instead on input line 55.
LaTeX Font Info:    Font shape `T1/phv/m/it' in size <5> not available
(Font)              Font shape `T1/phv/m/sl' tried instead on input line 55.
LaTeX Font Info:    Font shape `T1/phv/bx/it' in size <10> not available
(Font)              Font shape `T1/phv/b/it' tried instead on input line 55.
LaTeX Font Info:    Font shape `T1/phv/b/it' in size <10> not available
(Font)              Font shape `T1/phv/b/sl' tried instead on input line 55.
LaTeX Font Info:    Font shape `T1/phv/bx/it' in size <7> not available
(Font)              Font shape `T1/phv/b/it' tried instead on input line 55.
LaTeX Font Info:    Font shape `T1/phv/b/it' in size <7> not available
(Font)              Font shape `T1/phv/b/sl' tried instead on input line 55.
LaTeX Font Info:    Font shape `T1/phv/bx/it' in size <5> not available
(Font)              Font shape `T1/phv/b/it' tried instead on input line 55.
LaTeX Font Info:    Font shape `T1/phv/b/it' in size <5> not available
(Font)              Font shape `T1/phv/b/sl' tried instead on input line 55.
LaTeX Font Info:    External font `cmex7' loaded for size
(Font)              <6> on input line 55.
LaTeX Font Info:    Font shape `T1/phv/m/it' in size <10.95> not available
(Font)              Font shape `T1/phv/m/sl' tried instead on input line 55.
LaTeX Font Info:    Font shape `T1/phv/m/it' in size <8> not available
(Font)              Font shape `T1/phv/m/sl' tried instead on input line 55.
LaTeX Font Info:    Font shape `T1/phv/m/it' in size <6> not available
(Font)              Font shape `T1/phv/m/sl' tried instead on input line 55.
LaTeX Font Info:    Font shape `T1/phv/bx/it' in size <10.95> not available
(Font)              Font shape `T1/phv/b/it' tried instead on input line 55.
LaTeX Font Info:    Font shape `T1/phv/b/it' in size <10.95> not available
(Font)              Font shape `T1/phv/b/sl' tried instead on input line 55.
LaTeX Font Info:    Font shape `T1/phv/bx/it' in size <8> not available
(Font)              Font shape `T1/phv/b/it' tried instead on input line 55.
LaTeX Font Info:    Font shape `T1/phv/b/it' in size <8> not available
(Font)              Font shape `T1/phv/b/sl' tried instead on input line 55.
LaTeX Font Info:    Font shape `T1/phv/bx/it' in size <6> not available
(Font)              Font shape `T1/phv/b/it' tried instead on input line 55.
LaTeX Font Info:    Font shape `T1/phv/b/it' in size <6> not available
(Font)              Font shape `T1/phv/b/sl' tried instead on input line 55.
LaTeX Font Info:    Font shape `T1/opensans-TLF/b/n' will be
(Font)              scaled to size 10.0pt on input line 55.


[4

{c:/texlive/2024/texmf-dist/fonts/enc/dvips/base/8r.enc}])
(./Analyse_reelle.tex
LaTeX Font Info:    Font shape `T1/opensans-TLF/m/n' will be
(Font)              scaled to size 24.88pt on input line 8.


[5

]
LaTeX Font Info:    Font shape `T1/opensans-TLF/m/it' will be
(Font)              scaled to size 10.95pt on input line 47.
LaTeX Font Info:    Font shape `T1/opensans-TLF/m/n' will be
(Font)              scaled to size 12.0pt on input line 47.
LaTeX Font Info:    Font shape `T1/opensans-TLF/b/it' will be
(Font)              scaled to size 10.95pt on input line 47.
LaTeX Font Info:    Font shape `T1/opensans-TLF/m/it' will be
(Font)              scaled to size 6.0pt on input line 47.
<inegalite_triangulaire.pdf, id=249, 431.199pt x 259.60924pt>
File: inegalite_triangulaire.pdf Graphic file (type pdf)
<use inegalite_triangulaire.pdf>
Package pdftex.def Info: inegalite_triangulaire.pdf  used on input line 47.
(pdftex.def)             Requested size: 116.42528pt x 70.09543pt.
LaTeX Font Info:    Font shape `T1/opensans-TLF/b/n' will be
(Font)              scaled to size 10.95pt on input line 47.


[6

 <./inegalite_triangulaire.pdf>]
<ouvert_illustration.pdf, id=335, 384.1pt x 379.59067pt>
File: ouvert_illustration.pdf Graphic file (type pdf)
<use ouvert_illustration.pdf>
Package pdftex.def Info: ouvert_illustration.pdf  used on input line 75.
(pdftex.def)             Requested size: 134.43701pt x 132.85872pt.

Overfull \vbox (0.1511pt too high) detected at line 75
 []



[7

 <./ouvert_illustration.pdf>]

[8

]
<continuite.pdf, id=441, 227.26369pt x 167.80539pt>
File: continuite.pdf Graphic file (type pdf)
<use continuite.pdf>
Package pdftex.def Info: continuite.pdf  used on input line 122.
(pdftex.def)             Requested size: 136.35925pt x 100.68399pt.
<discontinuite.pdf, id=442, 208.45047pt x 159.52798pt>
File: discontinuite.pdf Graphic file (type pdf)
<use discontinuite.pdf>
Package pdftex.def Info: discontinuite.pdf  used on input line 122.
(pdftex.def)             Requested size: 125.07123pt x 95.71751pt.


[9

 <./continuite.pdf> <./discontinuite.pdf

pdfTeX warning: pdflatex.exe (file ./discontinuite.pdf): PDF inclusion: multipl
e pdfs with page group included in a single page
>]) (./Relations_comparaison.tex

[10

]

[11

]
Package epstopdf Info: Source file: <fig_x2_x3.eps>
(epstopdf)                    date: 2025-12-22 14:02:14
(epstopdf)                    size: 58861 bytes
(epstopdf)             Output file: <fig_x2_x3-eps-converted-to.pdf>
(epstopdf)                    date: 2025-12-22 14:02:14
(epstopdf)                    size: 24839 bytes
(epstopdf)             Command: <repstopdf --outfile=fig_x2_x3-eps-converted-to
.pdf fig_x2_x3.eps>
(epstopdf)             \includegraphics on input line 45.
Package epstopdf Info: Output file is already uptodate.


pdfTeX warning: pdflatex.exe (file ./fig_x2_x3-eps-converted-to.pdf): PDF inclu
sion: found PDF version <1.7>, but at most version <1.5> allowed
<fig_x2_x3-eps-converted-to.pdf, id=635, 421.575pt x 316.18124pt>
File: fig_x2_x3-eps-converted-to.pdf Graphic file (type pdf)
<use fig_x2_x3-eps-converted-to.pdf>
Package pdftex.def Info: fig_x2_x3-eps-converted-to.pdf  used on input line 45.

(pdftex.def)             Requested size: 147.55345pt x 110.66508pt.
Package epstopdf Info: Source file: <fig_x2_x3_zoom.eps>
(epstopdf)                    date: 2025-12-22 14:02:14
(epstopdf)                    size: 60458 bytes
(epstopdf)             Output file: <fig_x2_x3_zoom-eps-converted-to.pdf>
(epstopdf)                    date: 2025-12-22 14:02:14
(epstopdf)                    size: 25908 bytes
(epstopdf)             Command: <repstopdf --outfile=fig_x2_x3_zoom-eps-convert
ed-to.pdf fig_x2_x3_zoom.eps>
(epstopdf)             \includegraphics on input line 45.
Package epstopdf Info: Output file is already uptodate.


pdfTeX warning: pdflatex.exe (file ./fig_x2_x3_zoom-eps-converted-to.pdf): PDF 
inclusion: found PDF version <1.7>, but at most version <1.5> allowed
<fig_x2_x3_zoom-eps-converted-to.pdf, id=636, 421.575pt x 316.18124pt>
File: fig_x2_x3_zoom-eps-converted-to.pdf Graphic file (type pdf)
<use fig_x2_x3_zoom-eps-converted-to.pdf>
Package pdftex.def Info: fig_x2_x3_zoom-eps-converted-to.pdf  used on input lin
e 45.
(pdftex.def)             Requested size: 147.55345pt x 110.66508pt.

Overfull \vbox (8.32341pt too high) detected at line 45
 []



[12

 <./fig_x2_x3-eps-converted-to.pdf> <./fig_x2_x3_zoom-eps-converted-to.pdf>]
Package epstopdf Info: Source file: <fig_x2_x3.eps>
(epstopdf)                    date: 2025-12-22 14:02:14
(epstopdf)                    size: 58861 bytes
(epstopdf)             Output file: <fig_x2_x3-eps-converted-to.pdf>
(epstopdf)                    date: 2025-12-22 14:02:14
(epstopdf)                    size: 24839 bytes
(epstopdf)             Command: <repstopdf --outfile=fig_x2_x3-eps-converted-to
.pdf fig_x2_x3.eps>
(epstopdf)             \includegraphics on input line 45.
Package epstopdf Info: Output file is already uptodate.
File: fig_x2_x3-eps-converted-to.pdf Graphic file (type pdf)
<use fig_x2_x3-eps-converted-to.pdf>
Package pdftex.def Info: fig_x2_x3-eps-converted-to.pdf  used on input line 45.

(pdftex.def)             Requested size: 147.55345pt x 110.66508pt.
Package epstopdf Info: Source file: <fig_x2_x3_zoom.eps>
(epstopdf)                    date: 2025-12-22 14:02:14
(epstopdf)                    size: 60458 bytes
(epstopdf)             Output file: <fig_x2_x3_zoom-eps-converted-to.pdf>
(epstopdf)                    date: 2025-12-22 14:02:14
(epstopdf)                    size: 25908 bytes
(epstopdf)             Command: <repstopdf --outfile=fig_x2_x3_zoom-eps-convert
ed-to.pdf fig_x2_x3_zoom.eps>
(epstopdf)             \includegraphics on input line 45.
Package epstopdf Info: Output file is already uptodate.
File: fig_x2_x3_zoom-eps-converted-to.pdf Graphic file (type pdf)
<use fig_x2_x3_zoom-eps-converted-to.pdf>
Package pdftex.def Info: fig_x2_x3_zoom-eps-converted-to.pdf  used on input lin
e 45.
(pdftex.def)             Requested size: 147.55345pt x 110.66508pt.

Overfull \vbox (8.32341pt too high) detected at line 45
 []



[13

]
Overfull \vbox (4.10023pt too high) detected at line 83
 []



[14

]
Overfull \vbox (4.10023pt too high) detected at line 83
 []



[15

]
Overfull \vbox (4.10023pt too high) detected at line 83
 []



[16

]

[17

]

[18

]

[19

]

[20

]

[21

]
LaTeX Font Info:    Font shape `T1/opensans-TLF/m/it' will be
(Font)              scaled to size 10.0pt on input line 171.

Overfull \vbox (7.9545pt too high) detected at line 171
 []



[22

]

[23

]

[24

]

[25

]

[26

]

[27

]

[28

]

[29

]

[30

]

[31

]

[32

]
Overfull \vbox (0.13066pt too high) detected at line 292
 []



[33

]
Overfull \vbox (0.13066pt too high) detected at line 292
 []



[34

]

[35

]

[36

]

[37

]

[38

]
Overfull \vbox (1.56761pt too high) detected at line 419
 []



[39

]
Overfull \vbox (1.56761pt too high) detected at line 419
 []



[40

]
Overfull \vbox (1.56761pt too high) detected at line 419
 []



[41

]
Overfull \vbox (1.56761pt too high) detected at line 419
 []



[42

]
Overfull \vbox (1.56761pt too high) detected at line 419
 []



[43

]

[44

]

[45

]

[46

]
Overfull \vbox (4.29385pt too high) detected at line 495
 []



[47

]
Overfull \vbox (4.29385pt too high) detected at line 495
 []



[48

]
Overfull \vbox (4.29385pt too high) detected at line 495
 []



[49

]
Overfull \vbox (4.29385pt too high) detected at line 495
 []



[50

]
Overfull \vbox (4.29385pt too high) detected at line 495
 []



[51

]
Overfull \vbox (0.40085pt too high) detected at line 524
 []



[52

]
Overfull \vbox (0.40085pt too high) detected at line 524
 []



[53

]) (./Derivation.tex

[54

]

[55

]
Overfull \vbox (10.65312pt too high) detected at line 86
 []



[56

]
Overfull \vbox (10.65312pt too high) detected at line 86
 []



[57

]
Overfull \vbox (10.65312pt too high) detected at line 86
 []



[58

]
Overfull \vbox (10.65312pt too high) detected at line 86
 []



[59

]
Overfull \vbox (10.65312pt too high) detected at line 86
 []



[60

]

[61

]

[62

]
Overfull \vbox (34.6715pt too high) detected at line 147
 []



[63

]

[64

]
Overfull \vbox (39.52347pt too high) detected at line 201
 []



[65

]

[66

]

[67

]

[68

]

[69

]

[70

]

[71

]

[72

]

[73

]

[74

]

[75

]

[76

]

[77

]
Overfull \vbox (18.39069pt too high) detected at line 368
 []



[78

]

[79

]

[80

]

[81

]

[82

]
<voiture.png, id=3366, 74.90485pt x 36.51141pt>
File: voiture.png Graphic file (type png)
<use voiture.png>
Package pdftex.def Info: voiture.png  used on input line 453.
(pdftex.def)             Requested size: 45.52458pt x 22.19057pt.
File: voiture.png Graphic file (type png)
<use voiture.png>
Package pdftex.def Info: voiture.png  used on input line 453.
(pdftex.def)             Requested size: 45.52458pt x 22.19057pt.
File: voiture.png Graphic file (type png)
<use voiture.png>
Package pdftex.def Info: voiture.png  used on input line 453.
(pdftex.def)             Requested size: 45.52458pt x 22.19057pt.
File: voiture.png Graphic file (type png)
<use voiture.png>
Package pdftex.def Info: voiture.png  used on input line 453.
(pdftex.def)             Requested size: 45.52458pt x 22.19057pt.
File: voiture.png Graphic file (type png)
<use voiture.png>
Package pdftex.def Info: voiture.png  used on input line 453.
(pdftex.def)             Requested size: 45.52458pt x 22.19057pt.

Overfull \vbox (9.07384pt too high) detected at line 453
 []



[83

 <./voiture.PNG>]
Overfull \vbox (6.09525pt too high) detected at line 483
 []



[84

]
<image_TAF.png, id=3452, 546.54187pt x 480.29437pt>
File: image_TAF.png Graphic file (type png)
<use image_TAF.png>
Package pdftex.def Info: image_TAF.png  used on input line 507.
(pdftex.def)             Requested size: 191.29251pt x 168.10555pt.


[85

 <./image_TAF.png>]

[86

]

[87

]
Overfull \vbox (5.28699pt too high) detected at line 573
 []



[88

]
Overfull \vbox (5.28699pt too high) detected at line 573
 []



[89

]

[90

]

[91

]

[92

]

[93

])
\tf@nav=\write6
\openout6 = `slides.nav'.

\tf@toc=\write7
\openout7 = `slides.toc'.

\tf@snm=\write8
\openout8 = `slides.snm'.

 (./slides.aux)
 ***********
LaTeX2e <2024-11-01> patch level 2
L3 programming layer <2025-01-18>
 ***********
Package rerunfilecheck Info: File `slides.out' has not changed.
(rerunfilecheck)             Checksum: 4FB00DDAED627F037E5179B390F3955C;522.
 ) 
Here is how much of TeX's memory you used:
 48944 strings out of 473200
 1105826 string characters out of 5720278
 1733715 words of memory out of 5000000
 71068 multiletter control sequences out of 15000+600000
 627161 words of font info for 139 fonts, out of 8000000 for 9000
 1141 hyphenation exceptions out of 8191
 128i,24n,123p,2373b,2662s stack positions out of 10000i,1000n,20000p,200000b,200000s
<c:/texlive/2024/texmf-dist/fonts/type1/ascender/opensans/OpenSans-Bold.pfb><
c:/texlive/2024/texmf-dist/fonts/type1/ascender/opensans/OpenSans-BoldItalic.pf
b><c:/texlive/2024/texmf-dist/fonts/type1/ascender/opensans/OpenSans-Italic.pfb
><c:/texlive/2024/texmf-dist/fonts/type1/ascender/opensans/OpenSans-Regular.pfb
><c:/texlive/2024/texmf-dist/fonts/type1/public/amsfonts/cm/cmex10.pfb><c:/texl
ive/2024/texmf-dist/fonts/type1/public/amsfonts/cm/cmmi10.pfb><c:/texlive/2024/
texmf-dist/fonts/type1/public/amsfonts/cm/cmmi8.pfb><c:/texlive/2024/texmf-dist
/fonts/type1/public/amsfonts/cm/cmss10.pfb><c:/texlive/2024/texmf-dist/fonts/ty
pe1/public/amsfonts/cm/cmss8.pfb><c:/texlive/2024/texmf-dist/fonts/type1/public
/amsfonts/cm/cmsy10.pfb><c:/texlive/2024/texmf-dist/fonts/type1/public/amsfonts
/cm/cmsy6.pfb><c:/texlive/2024/texmf-dist/fonts/type1/public/amsfonts/cm/cmsy7.
pfb><c:/texlive/2024/texmf-dist/fonts/type1/public/amsfonts/cm/cmsy8.pfb><c:/te
xlive/2024/texmf-dist/fonts/type1/public/amsfonts/symbols/msbm10.pfb><c:/texliv
e/2024/texmf-dist/fonts/type1/urw/helvetic/uhvr8a.pfb><c:/texlive/2024/texmf-di
st/fonts/type1/urw/helvetic/uhvro8a.pfb>
Output written on slides.pdf (93 pages, 921847 bytes).
PDF statistics:
 3923 PDF objects out of 4296 (max. 8388607)
 3157 compressed objects within 32 object streams
 192 named destinations out of 1000 (max. 500000)
 1838 words of extra memory for PDF output out of 10000 (max. 10000000)

