This is pdfTeX, Version 3.14159265-2.6-1.40.16 (TeX Live 2015/Debian) (preloaded format=pdflatex 2017.6.29)  11 FEB 2018 21:01
entering extended mode
 restricted \write18 enabled.
 %&-line parsing enabled.
**article_commande_diphasique_anglais.tex
(./article_commande_diphasique_anglais.tex
LaTeX2e <2016/02/01>
Babel <3.9q> and hyphenation patterns for 81 language(s) loaded.
\c@lemme=\count79
\c@definition=\count80
\c@proposition=\count81
\c@remarque=\count82
\c@assumption=\count83
)
! Emergency stop.
<*> article_commande_diphasique_anglais.tex
                                           
*** (job aborted, no legal \end found)

 
Here is how much of TeX's memory you used:
 673 strings out of 493029
 5353 string characters out of 6136234
 58150 words of memory out of 5000000
 4309 multiletter control sequences out of 15000+600000
 3640 words of font info for 14 fonts, out of 8000000 for 9000
 1141 hyphenation exceptions out of 8191
 9i,0n,13p,141b,8s stack positions out of 5000i,500n,10000p,200000b,80000s
!  ==> Fatal error occurred, no output PDF file produced!
